2023-11-15 01:22:06,130 - INFO - =====================PROGRAM START====================
2023-11-15 01:22:06,145 - INFO - Data frame has been created. File name: EURUSD_trade_history_df.csv
2023-11-15 01:22:07,400 - INFO - False
2023-11-15 01:22:08,030 - INFO - Make first trade
2023-11-15 01:22:08,030 - INFO - Account Balance: 6132.34
2023-11-15 01:22:08,030 - INFO - Account Equity: 6132.33
2023-11-15 01:22:08,030 - INFO - Account Margin: 1248.94
2023-11-15 01:22:08,030 - INFO - Account Free Margin: 4883.39
2023-11-15 01:22:08,030 - INFO - fib number :1
2023-11-15 01:22:08,045 - INFO - Symbol Margin Required for 1 lot: 0.0
2023-11-15 01:22:09,263 - INFO - File EURUSD_trade_history_df.csv already exists. Skipping creation.
2023-11-15 01:22:09,862 - INFO - order_result: OrderSendResult(retcode=10009, deal=381983946, order=524131116, volume=0.01, price=1.08706, bid=1.08706, ask=1.08706, comment='Request executed', request_id=1838952240, retcode_external=0, request=TradeRequest(action=1, magic=100, order=0, symbol='EURUSD', volume=0.01, price=1.08706, stoplimit=0.0, sl=0.0, tp=0.0, deviation=20, type=0, type_filling=1, type_time=0, expiration=0, comment='python market order', position=0, position_by=0))
2023-11-15 01:22:11,705 - INFO - order_result: OrderSendResult(retcode=10009, deal=381983958, order=524131128, volume=0.01, price=1.08706, bid=1.08706, ask=1.08706, comment='Request executed', request_id=1838952242, retcode_external=0, request=TradeRequest(action=1, magic=100, order=0, symbol='EURUSD', volume=0.01, price=1.08706, stoplimit=0.0, sl=0.0, tp=0.0, deviation=20, type=1, type_filling=1, type_time=0, expiration=0, comment='python market order', position=0, position_by=0))
2023-11-15 01:22:13,603 - INFO - Data frame has been updated. File name: EURUSD_trade_history_df.csv
2023-11-15 01:22:13,665 - INFO - trade_current_direction: nan
2023-11-15 01:22:13,665 - INFO - max_buy_direction_price: 1.08706
2023-11-15 01:22:13,665 - INFO - max_sell_direction_price: 1.08706
2023-11-15 01:22:13,665 - INFO - Current current_market_price: 1.08708 | next buy price: 1.08906 | next sell price: 1.08506
2023-11-15 01:22:13,665 - INFO - Keep holding...
2023-11-15 01:37:13,669 - INFO - trade_current_direction: nan
2023-11-15 01:37:13,669 - INFO - max_buy_direction_price: 1.08706
2023-11-15 01:37:13,669 - INFO - max_sell_direction_price: 1.08706
2023-11-15 01:37:13,669 - INFO - Current current_market_price: 1.0873 | next buy price: 1.08906 | next sell price: 1.08506
2023-11-15 01:37:13,669 - INFO - Keep holding...
2023-11-15 01:52:13,685 - INFO - trade_current_direction: nan
2023-11-15 01:52:13,685 - INFO - max_buy_direction_price: 1.08706
2023-11-15 01:52:13,685 - INFO - max_sell_direction_price: 1.08706
2023-11-15 01:52:13,685 - INFO - Current current_market_price: 1.08718 | next buy price: 1.08906 | next sell price: 1.08506
2023-11-15 01:52:13,685 - INFO - Keep holding...
2023-11-15 02:07:13,702 - INFO - trade_current_direction: nan
2023-11-15 02:07:13,702 - INFO - max_buy_direction_price: 1.08706
2023-11-15 02:07:13,702 - INFO - max_sell_direction_price: 1.08706
2023-11-15 02:07:13,702 - INFO - Current current_market_price: 1.08697 | next buy price: 1.08906 | next sell price: 1.08506
2023-11-15 02:07:13,702 - INFO - Keep holding...
2023-11-15 02:22:13,708 - INFO - trade_current_direction: nan
2023-11-15 02:22:13,708 - INFO - max_buy_direction_price: 1.08706
2023-11-15 02:22:13,708 - INFO - max_sell_direction_price: 1.08706
2023-11-15 02:22:13,708 - INFO - Current current_market_price: 1.08704 | next buy price: 1.08906 | next sell price: 1.08506
2023-11-15 02:22:13,708 - INFO - Keep holding...
2023-11-15 02:37:13,715 - INFO - trade_current_direction: nan
2023-11-15 02:37:13,715 - INFO - max_buy_direction_price: 1.08706
2023-11-15 02:37:13,715 - INFO - max_sell_direction_price: 1.08706
2023-11-15 02:37:13,715 - INFO - Current current_market_price: 1.08767 | next buy price: 1.08906 | next sell price: 1.08506
2023-11-15 02:37:13,715 - INFO - Keep holding...
2023-11-15 02:52:13,734 - INFO - trade_current_direction: nan
2023-11-15 02:52:13,734 - INFO - max_buy_direction_price: 1.08706
2023-11-15 02:52:13,734 - INFO - max_sell_direction_price: 1.08706
2023-11-15 02:52:13,734 - INFO - Current current_market_price: 1.08778 | next buy price: 1.08906 | next sell price: 1.08506
2023-11-15 02:52:13,734 - INFO - Keep holding...
2023-11-15 03:07:13,749 - INFO - trade_current_direction: nan
2023-11-15 03:07:13,749 - INFO - max_buy_direction_price: 1.08706
2023-11-15 03:07:13,749 - INFO - max_sell_direction_price: 1.08706
2023-11-15 03:07:13,749 - INFO - Current current_market_price: 1.08822 | next buy price: 1.08906 | next sell price: 1.08506
2023-11-15 03:07:13,749 - INFO - Keep holding...
2023-11-15 03:22:13,758 - INFO - trade_current_direction: nan
2023-11-15 03:22:13,758 - INFO - max_buy_direction_price: 1.08706
2023-11-15 03:22:13,758 - INFO - max_sell_direction_price: 1.08706
2023-11-15 03:22:13,758 - INFO - Current current_market_price: 1.0886 | next buy price: 1.08906 | next sell price: 1.08506
2023-11-15 03:22:13,758 - INFO - Keep holding...
2023-11-15 03:37:13,776 - INFO - trade_current_direction: nan
2023-11-15 03:37:13,776 - INFO - max_buy_direction_price: 1.08706
2023-11-15 03:37:13,776 - INFO - max_sell_direction_price: 1.08706
2023-11-15 03:37:13,776 - INFO - Current current_market_price: 1.08862 | next buy price: 1.08906 | next sell price: 1.08506
2023-11-15 03:37:13,776 - INFO - Keep holding...
2023-11-15 03:52:13,791 - INFO - trade_current_direction: nan
2023-11-15 03:52:13,791 - INFO - max_buy_direction_price: 1.08706
2023-11-15 03:52:13,791 - INFO - max_sell_direction_price: 1.08706
2023-11-15 03:52:13,791 - INFO - Current current_market_price: 1.08812 | next buy price: 1.08906 | next sell price: 1.08506
2023-11-15 03:52:13,791 - INFO - Keep holding...
2023-11-15 04:07:13,800 - INFO - trade_current_direction: nan
2023-11-15 04:07:13,800 - INFO - max_buy_direction_price: 1.08706
2023-11-15 04:07:13,800 - INFO - max_sell_direction_price: 1.08706
2023-11-15 04:07:13,800 - INFO - Current current_market_price: 1.08792 | next buy price: 1.08906 | next sell price: 1.08506
2023-11-15 04:07:13,800 - INFO - Keep holding...
2023-11-15 04:22:13,816 - INFO - trade_current_direction: nan
2023-11-15 04:22:13,816 - INFO - max_buy_direction_price: 1.08706
2023-11-15 04:22:13,816 - INFO - max_sell_direction_price: 1.08706
2023-11-15 04:22:13,816 - INFO - Current current_market_price: 1.08768 | next buy price: 1.08906 | next sell price: 1.08506
2023-11-15 04:22:13,816 - INFO - Keep holding...
2023-11-15 04:37:13,832 - INFO - trade_current_direction: nan
2023-11-15 04:37:13,832 - INFO - max_buy_direction_price: 1.08706
2023-11-15 04:37:13,832 - INFO - max_sell_direction_price: 1.08706
2023-11-15 04:37:13,832 - INFO - Current current_market_price: 1.08779 | next buy price: 1.08906 | next sell price: 1.08506
2023-11-15 04:37:13,832 - INFO - Keep holding...
2023-11-15 04:52:13,843 - INFO - trade_current_direction: nan
2023-11-15 04:52:13,843 - INFO - max_buy_direction_price: 1.08706
2023-11-15 04:52:13,843 - INFO - max_sell_direction_price: 1.08706
2023-11-15 04:52:13,843 - INFO - Current current_market_price: 1.08788 | next buy price: 1.08906 | next sell price: 1.08506
2023-11-15 04:52:13,843 - INFO - Keep holding...
2023-11-15 05:07:13,856 - INFO - trade_current_direction: nan
2023-11-15 05:07:13,856 - INFO - max_buy_direction_price: 1.08706
2023-11-15 05:07:13,856 - INFO - max_sell_direction_price: 1.08706
2023-11-15 05:07:13,856 - INFO - Current current_market_price: 1.08804 | next buy price: 1.08906 | next sell price: 1.08506
2023-11-15 05:07:13,856 - INFO - Keep holding...
2023-11-15 05:22:13,862 - INFO - trade_current_direction: nan
2023-11-15 05:22:13,862 - INFO - max_buy_direction_price: 1.08706
2023-11-15 05:22:13,862 - INFO - max_sell_direction_price: 1.08706
2023-11-15 05:22:13,862 - INFO - Current current_market_price: 1.08805 | next buy price: 1.08906 | next sell price: 1.08506
2023-11-15 05:22:13,862 - INFO - Keep holding...
2023-11-15 05:37:13,876 - INFO - trade_current_direction: nan
2023-11-15 05:37:13,876 - INFO - max_buy_direction_price: 1.08706
2023-11-15 05:37:13,876 - INFO - max_sell_direction_price: 1.08706
2023-11-15 05:37:13,876 - INFO - Current current_market_price: 1.08781 | next buy price: 1.08906 | next sell price: 1.08506
2023-11-15 05:37:13,876 - INFO - Keep holding...
2023-11-15 05:52:13,897 - INFO - trade_current_direction: nan
2023-11-15 05:52:13,897 - INFO - max_buy_direction_price: 1.08706
2023-11-15 05:52:13,897 - INFO - max_sell_direction_price: 1.08706
2023-11-15 05:52:13,897 - INFO - Current current_market_price: 1.08767 | next buy price: 1.08906 | next sell price: 1.08506
2023-11-15 05:52:13,897 - INFO - Keep holding...
2023-11-15 06:07:13,905 - INFO - trade_current_direction: nan
2023-11-15 06:07:13,905 - INFO - max_buy_direction_price: 1.08706
2023-11-15 06:07:13,905 - INFO - max_sell_direction_price: 1.08706
2023-11-15 06:07:13,905 - INFO - Current current_market_price: 1.08812 | next buy price: 1.08906 | next sell price: 1.08506
2023-11-15 06:07:13,905 - INFO - Keep holding...
2023-11-15 06:22:13,917 - INFO - trade_current_direction: nan
2023-11-15 06:22:13,917 - INFO - max_buy_direction_price: 1.08706
2023-11-15 06:22:13,917 - INFO - max_sell_direction_price: 1.08706
2023-11-15 06:22:13,917 - INFO - Current current_market_price: 1.08816 | next buy price: 1.08906 | next sell price: 1.08506
2023-11-15 06:22:13,917 - INFO - Keep holding...
2023-11-15 06:37:13,929 - INFO - trade_current_direction: nan
2023-11-15 06:37:13,929 - INFO - max_buy_direction_price: 1.08706
2023-11-15 06:37:13,929 - INFO - max_sell_direction_price: 1.08706
2023-11-15 06:37:13,929 - INFO - Current current_market_price: 1.08814 | next buy price: 1.08906 | next sell price: 1.08506
2023-11-15 06:37:13,929 - INFO - Keep holding...
2023-11-15 06:52:13,941 - INFO - trade_current_direction: nan
2023-11-15 06:52:13,941 - INFO - max_buy_direction_price: 1.08706
2023-11-15 06:52:13,941 - INFO - max_sell_direction_price: 1.08706
2023-11-15 06:52:13,941 - INFO - Current current_market_price: 1.08798 | next buy price: 1.08906 | next sell price: 1.08506
2023-11-15 06:52:13,941 - INFO - Keep holding...
2023-11-15 07:07:13,957 - INFO - trade_current_direction: nan
2023-11-15 07:07:13,957 - INFO - max_buy_direction_price: 1.08706
2023-11-15 07:07:13,957 - INFO - max_sell_direction_price: 1.08706
2023-11-15 07:07:13,957 - INFO - Current current_market_price: 1.08747 | next buy price: 1.08906 | next sell price: 1.08506
2023-11-15 07:07:13,957 - INFO - Keep holding...
2023-11-15 07:22:13,968 - INFO - trade_current_direction: nan
2023-11-15 07:22:13,968 - INFO - max_buy_direction_price: 1.08706
2023-11-15 07:22:13,968 - INFO - max_sell_direction_price: 1.08706
2023-11-15 07:22:13,968 - INFO - Current current_market_price: 1.08722 | next buy price: 1.08906 | next sell price: 1.08506
2023-11-15 07:22:13,968 - INFO - Keep holding...
2023-11-15 07:37:13,983 - INFO - trade_current_direction: nan
2023-11-15 07:37:13,983 - INFO - max_buy_direction_price: 1.08706
2023-11-15 07:37:13,983 - INFO - max_sell_direction_price: 1.08706
2023-11-15 07:37:13,983 - INFO - Current current_market_price: 1.08722 | next buy price: 1.08906 | next sell price: 1.08506
2023-11-15 07:37:13,983 - INFO - Keep holding...
2023-11-15 07:52:13,997 - INFO - trade_current_direction: nan
2023-11-15 07:52:13,997 - INFO - max_buy_direction_price: 1.08706
2023-11-15 07:52:13,997 - INFO - max_sell_direction_price: 1.08706
2023-11-15 07:52:13,997 - INFO - Current current_market_price: 1.08686 | next buy price: 1.08906 | next sell price: 1.08506
2023-11-15 07:52:13,997 - INFO - Keep holding...
2023-11-15 08:07:14,020 - INFO - trade_current_direction: nan
2023-11-15 08:07:14,020 - INFO - max_buy_direction_price: 1.08706
2023-11-15 08:07:14,020 - INFO - max_sell_direction_price: 1.08706
2023-11-15 08:07:14,020 - INFO - Current current_market_price: 1.0872600000000001 | next buy price: 1.08906 | next sell price: 1.08506
2023-11-15 08:07:14,020 - INFO - Keep holding...
2023-11-15 08:22:14,033 - INFO - trade_current_direction: nan
2023-11-15 08:22:14,033 - INFO - max_buy_direction_price: 1.08706
2023-11-15 08:22:14,033 - INFO - max_sell_direction_price: 1.08706
2023-11-15 08:22:14,033 - INFO - Current current_market_price: 1.08692 | next buy price: 1.08906 | next sell price: 1.08506
2023-11-15 08:22:14,033 - INFO - Keep holding...
2023-11-15 08:37:14,041 - INFO - trade_current_direction: nan
2023-11-15 08:37:14,041 - INFO - max_buy_direction_price: 1.08706
2023-11-15 08:37:14,041 - INFO - max_sell_direction_price: 1.08706
2023-11-15 08:37:14,041 - INFO - Current current_market_price: 1.08706 | next buy price: 1.08906 | next sell price: 1.08506
2023-11-15 08:37:14,041 - INFO - Keep holding...
2023-11-15 08:52:14,060 - INFO - trade_current_direction: nan
2023-11-15 08:52:14,060 - INFO - max_buy_direction_price: 1.08706
2023-11-15 08:52:14,060 - INFO - max_sell_direction_price: 1.08706
2023-11-15 08:52:14,060 - INFO - Current current_market_price: 1.0873 | next buy price: 1.08906 | next sell price: 1.08506
2023-11-15 08:52:14,060 - INFO - Keep holding...
2023-11-15 09:07:14,084 - INFO - trade_current_direction: nan
2023-11-15 09:07:14,084 - INFO - max_buy_direction_price: 1.08706
2023-11-15 09:07:14,084 - INFO - max_sell_direction_price: 1.08706
2023-11-15 09:07:14,084 - INFO - Current current_market_price: 1.08718 | next buy price: 1.08906 | next sell price: 1.08506
2023-11-15 09:07:14,084 - INFO - Keep holding...
2023-11-15 09:16:36,532 - INFO - =====================PROGRAM START====================
2023-11-15 09:16:36,532 - INFO - File EURUSD_trade_history_df.csv already exists. Skipping creation.
2023-11-15 09:16:36,548 - INFO - last_trade_buy_status : open
2023-11-15 09:16:36,548 - INFO - last_trade_sell_status : open
2023-11-15 09:16:36,548 - INFO - True
2023-11-15 09:16:36,548 - INFO - Already has opened order
2023-11-15 09:16:37,802 - INFO - trade_current_direction: nan
2023-11-15 09:16:37,803 - INFO - max_buy_direction_price: 1.08706
2023-11-15 09:16:37,803 - INFO - max_sell_direction_price: 1.08706
2023-11-15 09:16:37,804 - INFO - Current current_market_price: 1.08731 | next buy price: 1.08906 | next sell price: 1.08506
2023-11-15 09:16:37,804 - INFO - Keep holding...
2023-11-15 09:31:37,815 - INFO - trade_current_direction: nan
2023-11-15 09:31:37,815 - INFO - max_buy_direction_price: 1.08706
2023-11-15 09:31:37,815 - INFO - max_sell_direction_price: 1.08706
2023-11-15 09:31:37,815 - INFO - Current current_market_price: 1.0871 | next buy price: 1.08906 | next sell price: 1.08506
2023-11-15 09:31:37,815 - INFO - Keep holding...
2023-11-15 09:46:37,833 - INFO - trade_current_direction: nan
2023-11-15 09:46:37,833 - INFO - max_buy_direction_price: 1.08706
2023-11-15 09:46:37,833 - INFO - max_sell_direction_price: 1.08706
2023-11-15 09:46:37,833 - INFO - Current current_market_price: 1.08772 | next buy price: 1.08906 | next sell price: 1.08506
2023-11-15 09:46:37,833 - INFO - Keep holding...
2023-11-15 10:01:37,849 - INFO - trade_current_direction: nan
2023-11-15 10:01:37,849 - INFO - max_buy_direction_price: 1.08706
2023-11-15 10:01:37,849 - INFO - max_sell_direction_price: 1.08706
2023-11-15 10:01:37,849 - INFO - Current current_market_price: 1.08785 | next buy price: 1.08906 | next sell price: 1.08506
2023-11-15 10:01:37,849 - INFO - Keep holding...
2023-11-15 10:16:37,870 - INFO - trade_current_direction: nan
2023-11-15 10:16:37,870 - INFO - max_buy_direction_price: 1.08706
2023-11-15 10:16:37,870 - INFO - max_sell_direction_price: 1.08706
2023-11-15 10:16:37,870 - INFO - Current current_market_price: 1.08811 | next buy price: 1.08906 | next sell price: 1.08506
2023-11-15 10:16:37,870 - INFO - Keep holding...
2023-11-15 10:31:37,888 - INFO - trade_current_direction: nan
2023-11-15 10:31:37,888 - INFO - max_buy_direction_price: 1.08706
2023-11-15 10:31:37,888 - INFO - max_sell_direction_price: 1.08706
2023-11-15 10:31:37,888 - INFO - Current current_market_price: 1.08765 | next buy price: 1.08906 | next sell price: 1.08506
2023-11-15 10:31:37,888 - INFO - Keep holding...
2023-11-15 10:46:37,905 - INFO - trade_current_direction: nan
2023-11-15 10:46:37,905 - INFO - max_buy_direction_price: 1.08706
2023-11-15 10:46:37,905 - INFO - max_sell_direction_price: 1.08706
2023-11-15 10:46:37,905 - INFO - Current current_market_price: 1.08802 | next buy price: 1.08906 | next sell price: 1.08506
2023-11-15 10:46:37,905 - INFO - Keep holding...
2023-11-15 11:01:39,452 - INFO - trade_current_direction: nan
2023-11-15 11:01:39,452 - INFO - max_buy_direction_price: 1.08706
2023-11-15 11:01:39,452 - INFO - max_sell_direction_price: 1.08706
2023-11-15 11:01:39,452 - INFO - Current current_market_price: 1.08816 | next buy price: 1.08906 | next sell price: 1.08506
2023-11-15 11:01:39,452 - INFO - Keep holding...
2023-11-15 11:16:39,460 - INFO - trade_current_direction: nan
2023-11-15 11:16:39,460 - INFO - max_buy_direction_price: 1.08706
2023-11-15 11:16:39,460 - INFO - max_sell_direction_price: 1.08706
2023-11-15 11:16:39,460 - INFO - Current current_market_price: 1.08822 | next buy price: 1.08906 | next sell price: 1.08506
2023-11-15 11:16:39,460 - INFO - Keep holding...
2023-11-15 22:31:41,985 - INFO - =====================PROGRAM START====================
2023-11-15 22:31:41,985 - INFO - File EURUSD_trade_history_df.csv already exists. Skipping creation.
2023-11-15 22:31:43,391 - INFO - last_trade_buy_status : open
2023-11-15 22:31:43,391 - INFO - last_trade_sell_status : open
2023-11-15 22:31:43,391 - INFO - True
2023-11-15 22:31:43,391 - INFO - Already has opened order
2023-11-15 22:31:43,407 - INFO - current_market_price <= next_sell_at
2023-11-15 22:31:43,423 - INFO - 1
                524131128
                EURUSD
                0.01
                0
                1.08706
                0
                1
              
2023-11-15 22:31:49,109 - INFO - Close last sell order: COMPLETED
2023-11-15 22:31:49,140 - INFO - Account Balance: 6151.12
2023-11-15 22:31:49,140 - INFO - Account Equity: 6130.85
2023-11-15 22:31:49,140 - INFO - Account Margin: 5507.47
2023-11-15 22:31:49,140 - INFO - Account Free Margin: 623.38
2023-11-15 22:31:49,967 - INFO - order_result: OrderSendResult(retcode=10009, deal=382694385, order=524937794, volume=0.01, price=1.08427, bid=1.08427, ask=1.08428, comment='Request executed', request_id=2328103495, retcode_external=0, request=TradeRequest(action=1, magic=100, order=0, symbol='EURUSD', volume=0.01, price=1.08428, stoplimit=0.0, sl=0.0, tp=0.0, deviation=20, type=1, type_filling=1, type_time=0, expiration=0, comment='python market order', position=0, position_by=0))
2023-11-15 22:32:12,626 - INFO - =====================PROGRAM START====================
2023-11-15 22:32:12,627 - INFO - File EURUSD_trade_history_df.csv already exists. Skipping creation.
2023-11-15 22:32:12,635 - INFO - last_trade_buy_status : open
2023-11-15 22:32:12,635 - INFO - last_trade_sell_status : close
2023-11-15 22:32:12,635 - INFO - True
2023-11-15 22:32:12,635 - INFO - Already has opened order
2023-11-15 22:32:12,651 - INFO - current_market_price <= next_sell_at
2023-11-15 22:32:12,667 - INFO - 1
                524131128
                EURUSD
                0.01
                0
                1.08706
                0
                1
              
2023-11-15 22:32:14,331 - INFO - Close last sell order: COMPLETED
2023-11-15 22:32:14,338 - INFO - Account Balance: 6150.92
2023-11-15 22:32:14,339 - INFO - Account Equity: 6130.71
2023-11-15 22:32:14,339 - INFO - Account Margin: 2171.47
2023-11-15 22:32:14,339 - INFO - Account Free Margin: 3959.24
2023-11-15 22:32:15,002 - INFO - order_result: OrderSendResult(retcode=10009, deal=382694885, order=524938357, volume=0.01, price=1.08421, bid=1.08421, ask=1.08421, comment='Request executed', request_id=2328103500, retcode_external=0, request=TradeRequest(action=1, magic=100, order=0, symbol='EURUSD', volume=0.01, price=1.08423, stoplimit=0.0, sl=0.0, tp=0.0, deviation=20, type=0, type_filling=1, type_time=0, expiration=0, comment='python market order', position=0, position_by=0))
2023-11-15 22:32:15,956 - INFO - order_result: OrderSendResult(retcode=10009, deal=382694898, order=524938371, volume=0.01, price=1.08422, bid=1.08422, ask=1.08423, comment='Request executed', request_id=2328103501, retcode_external=0, request=TradeRequest(action=1, magic=100, order=0, symbol='EURUSD', volume=0.01, price=1.08421, stoplimit=0.0, sl=0.0, tp=0.0, deviation=20, type=1, type_filling=1, type_time=0, expiration=0, comment='python market order', position=0, position_by=0))
2023-11-15 22:32:15,961 - INFO - Data frame has been updated. File name: EURUSD_trade_history_df.csv
2023-11-15 22:32:15,962 - INFO - Make next buy and sell orders: COMPLETED
2023-11-15 22:33:51,761 - INFO - =====================PROGRAM START====================
2023-11-15 22:33:51,761 - INFO - File EURUSD_trade_history_df.csv already exists. Skipping creation.
2023-11-15 22:33:51,808 - INFO - last_trade_buy_status : open
2023-11-15 22:33:51,808 - INFO - last_trade_sell_status : open
2023-11-15 22:33:51,808 - INFO - True
2023-11-15 22:33:51,808 - INFO - Already has opened order
2023-11-15 22:33:51,832 - INFO - trade_current_direction: sell
2023-11-15 22:33:51,833 - INFO - max_buy_direction_price: 1.08421
2023-11-15 22:33:51,833 - INFO - max_sell_direction_price: 1.08422
2023-11-15 22:33:51,833 - INFO - Current current_market_price: 1.08471 | next buy price: 1.08621 | next sell price: 1.08222
2023-11-15 22:33:51,833 - INFO - Keep holding...
2023-11-15 22:48:54,890 - INFO - Market reverse 30% from sell direction to buy
2023-11-15 22:48:59,572 - INFO - Close all of the orders: SUCCESSFULLY
2023-11-15 22:48:59,572 - INFO - =====================Bot existing ...=====================
2023-11-15 22:52:39,287 - INFO - =====================PROGRAM START====================
2023-11-15 22:52:39,288 - INFO - File EURUSD_trade_history_df.csv already exists. Skipping creation.
2023-11-15 22:52:40,746 - INFO - last_trade_buy_status : close
2023-11-15 22:52:40,746 - INFO - last_trade_sell_status : close
2023-11-15 22:52:40,751 - INFO - False
2023-11-15 22:52:40,753 - INFO - Make first trade
2023-11-15 22:52:40,755 - INFO - Account Balance: 6145.58
2023-11-15 22:52:40,755 - INFO - Account Equity: 6127.53
2023-11-15 22:52:40,755 - INFO - Account Margin: 4416.88
2023-11-15 22:52:40,755 - INFO - Account Free Margin: 1710.65
2023-11-15 22:52:40,755 - INFO - fib number :1
2023-11-15 22:52:40,759 - INFO - Symbol Margin Required for 1 lot: 0.0
2023-11-15 22:52:40,759 - INFO - File EURUSD_trade_history_df.csv already exists. Skipping creation.
2023-11-15 22:52:41,411 - INFO - order_result: OrderSendResult(retcode=10009, deal=382723371, order=524969284, volume=0.01, price=1.08589, bid=1.08589, ask=1.08589, comment='Request executed', request_id=2328103518, retcode_external=0, request=TradeRequest(action=1, magic=100, order=0, symbol='EURUSD', volume=0.01, price=1.0859, stoplimit=0.0, sl=0.0, tp=0.0, deviation=20, type=0, type_filling=1, type_time=0, expiration=0, comment='python market order', position=0, position_by=0))
2023-11-15 22:52:42,095 - INFO - order_result: OrderSendResult(retcode=10009, deal=382723380, order=524969294, volume=0.01, price=1.08586, bid=1.08586, ask=1.08587, comment='Request executed', request_id=2328103519, retcode_external=0, request=TradeRequest(action=1, magic=100, order=0, symbol='EURUSD', volume=0.01, price=1.08589, stoplimit=0.0, sl=0.0, tp=0.0, deviation=20, type=1, type_filling=1, type_time=0, expiration=0, comment='python market order', position=0, position_by=0))
2023-11-15 22:52:42,896 - INFO - Data frame has been updated. File name: EURUSD_trade_history_df.csv
2023-11-15 22:52:42,922 - INFO - trade_current_direction: nan
2023-11-15 22:52:42,922 - INFO - max_buy_direction_price: 1.08589
2023-11-15 22:52:42,922 - INFO - max_sell_direction_price: 1.08586
2023-11-15 22:52:42,922 - INFO - Current current_market_price: 1.08587 | next buy price: 1.08789 | next sell price: 1.08386
2023-11-15 22:52:42,923 - INFO - Keep holding...
2023-11-15 22:54:25,334 - INFO - =====================PROGRAM START====================
2023-11-15 22:54:25,334 - INFO - File EURUSD_trade_history_df.csv already exists. Skipping creation.
2023-11-15 22:54:25,358 - INFO - last_trade_buy_status : open
2023-11-15 22:54:25,358 - INFO - last_trade_sell_status : open
2023-11-15 22:54:25,359 - INFO - True
2023-11-15 22:54:25,359 - INFO - Already has opened order
2023-11-15 22:54:25,367 - INFO - trade_current_direction: nan
2023-11-15 22:54:25,367 - INFO - max_buy_direction_price: 1.08589
2023-11-15 22:54:25,367 - INFO - max_sell_direction_price: 1.08586
2023-11-15 22:54:25,367 - INFO - Current current_market_price: 1.08593 | next buy price: 1.08789 | next sell price: 1.08386
2023-11-15 22:54:25,367 - INFO - Keep holding...
2023-11-15 22:55:46,359 - INFO - =====================PROGRAM START====================
2023-11-15 22:55:46,359 - INFO - File EURUSD_trade_history_df.csv already exists. Skipping creation.
2023-11-15 22:55:53,849 - INFO - last_trade_buy_status : open
2023-11-15 22:55:53,849 - INFO - last_trade_sell_status : open
2023-11-15 22:55:53,849 - INFO - True
2023-11-15 22:55:53,849 - INFO - Already has opened order
2023-11-15 22:55:53,864 - INFO - trade_current_direction: nan
2023-11-15 22:55:53,864 - INFO - max_buy_direction_price: 1.08589
2023-11-15 22:55:53,864 - INFO - max_sell_direction_price: 1.08586
2023-11-15 22:55:53,864 - INFO - Current current_market_price: 1.08623 | next buy price: 1.08789 | next sell price: 1.08386
2023-11-15 22:55:53,864 - INFO - Keep holding...
2023-11-15 23:10:55,853 - INFO - trade_current_direction: nan
2023-11-15 23:10:55,853 - INFO - max_buy_direction_price: 1.08589
2023-11-15 23:10:55,853 - INFO - max_sell_direction_price: 1.08586
2023-11-15 23:10:55,853 - INFO - Current current_market_price: 1.08659 | next buy price: 1.08789 | next sell price: 1.08386
2023-11-15 23:10:55,853 - INFO - Keep holding...
2023-11-15 23:25:55,864 - INFO - trade_current_direction: nan
2023-11-15 23:25:55,864 - INFO - max_buy_direction_price: 1.08589
2023-11-15 23:25:55,864 - INFO - max_sell_direction_price: 1.08586
2023-11-15 23:25:55,864 - INFO - Current current_market_price: 1.08635 | next buy price: 1.08789 | next sell price: 1.08386
2023-11-15 23:25:55,864 - INFO - Keep holding...
2023-11-15 23:40:55,897 - INFO - trade_current_direction: nan
2023-11-15 23:40:55,897 - INFO - max_buy_direction_price: 1.08589
2023-11-15 23:40:55,897 - INFO - max_sell_direction_price: 1.08586
2023-11-15 23:40:55,897 - INFO - Current current_market_price: 1.08518 | next buy price: 1.08789 | next sell price: 1.08386
2023-11-15 23:40:55,897 - INFO - Keep holding...
2023-11-15 23:55:55,926 - INFO - trade_current_direction: nan
2023-11-15 23:55:55,926 - INFO - max_buy_direction_price: 1.08589
2023-11-15 23:55:55,926 - INFO - max_sell_direction_price: 1.08586
2023-11-15 23:55:55,926 - INFO - Current current_market_price: 1.08512 | next buy price: 1.08789 | next sell price: 1.08386
2023-11-15 23:55:55,926 - INFO - Keep holding...
2023-11-16 00:10:55,942 - INFO - trade_current_direction: nan
2023-11-16 00:10:55,942 - INFO - max_buy_direction_price: 1.08589
2023-11-16 00:10:55,942 - INFO - max_sell_direction_price: 1.08586
2023-11-16 00:10:55,942 - INFO - Current current_market_price: 1.08484 | next buy price: 1.08789 | next sell price: 1.08386
2023-11-16 00:10:55,942 - INFO - Keep holding...
2023-11-16 00:25:55,961 - INFO - trade_current_direction: nan
2023-11-16 00:25:55,961 - INFO - max_buy_direction_price: 1.08589
2023-11-16 00:25:55,961 - INFO - max_sell_direction_price: 1.08586
2023-11-16 00:25:55,961 - INFO - Current current_market_price: 1.08508 | next buy price: 1.08789 | next sell price: 1.08386
2023-11-16 00:25:55,961 - INFO - Keep holding...
2023-11-16 00:40:55,987 - INFO - trade_current_direction: nan
2023-11-16 00:40:55,987 - INFO - max_buy_direction_price: 1.08589
2023-11-16 00:40:55,987 - INFO - max_sell_direction_price: 1.08586
2023-11-16 00:40:55,987 - INFO - Current current_market_price: 1.0856 | next buy price: 1.08789 | next sell price: 1.08386
2023-11-16 00:40:55,987 - INFO - Keep holding...
2023-11-16 00:55:56,007 - INFO - trade_current_direction: nan
2023-11-16 00:55:56,007 - INFO - max_buy_direction_price: 1.08589
2023-11-16 00:55:56,007 - INFO - max_sell_direction_price: 1.08586
2023-11-16 00:55:56,007 - INFO - Current current_market_price: 1.08519 | next buy price: 1.08789 | next sell price: 1.08386
2023-11-16 00:55:56,007 - INFO - Keep holding...
2023-11-16 01:10:56,018 - INFO - trade_current_direction: nan
2023-11-16 01:10:56,018 - INFO - max_buy_direction_price: 1.08589
2023-11-16 01:10:56,018 - INFO - max_sell_direction_price: 1.08586
2023-11-16 01:10:56,018 - INFO - Current current_market_price: 1.08501 | next buy price: 1.08789 | next sell price: 1.08386
2023-11-16 01:10:56,018 - INFO - Keep holding...
2023-11-16 01:25:56,029 - INFO - trade_current_direction: nan
2023-11-16 01:25:56,029 - INFO - max_buy_direction_price: 1.08589
2023-11-16 01:25:56,029 - INFO - max_sell_direction_price: 1.08586
2023-11-16 01:25:56,029 - INFO - Current current_market_price: 1.08498 | next buy price: 1.08789 | next sell price: 1.08386
2023-11-16 01:25:56,029 - INFO - Keep holding...
2023-11-16 01:40:56,896 - INFO - trade_current_direction: nan
2023-11-16 01:40:56,896 - INFO - max_buy_direction_price: 1.08589
2023-11-16 01:40:56,896 - INFO - max_sell_direction_price: 1.08586
2023-11-16 01:40:56,896 - INFO - Current current_market_price: 1.08439 | next buy price: 1.08789 | next sell price: 1.08386
2023-11-16 01:40:56,896 - INFO - Keep holding...
2023-11-16 01:55:56,907 - INFO - trade_current_direction: nan
2023-11-16 01:55:56,907 - INFO - max_buy_direction_price: 1.08589
2023-11-16 01:55:56,907 - INFO - max_sell_direction_price: 1.08586
2023-11-16 01:55:56,907 - INFO - Current current_market_price: 1.08469 | next buy price: 1.08789 | next sell price: 1.08386
2023-11-16 01:55:56,907 - INFO - Keep holding...
2023-11-16 02:10:56,934 - INFO - trade_current_direction: nan
2023-11-16 02:10:56,934 - INFO - max_buy_direction_price: 1.08589
2023-11-16 02:10:56,934 - INFO - max_sell_direction_price: 1.08586
2023-11-16 02:10:56,934 - INFO - Current current_market_price: 1.0844 | next buy price: 1.08789 | next sell price: 1.08386
2023-11-16 02:10:56,934 - INFO - Keep holding...
2023-11-16 02:25:57,599 - INFO - trade_current_direction: nan
2023-11-16 02:25:57,599 - INFO - max_buy_direction_price: 1.08589
2023-11-16 02:25:57,599 - INFO - max_sell_direction_price: 1.08586
2023-11-16 02:25:57,599 - INFO - Current current_market_price: 1.08441 | next buy price: 1.08789 | next sell price: 1.08386
2023-11-16 02:25:57,599 - INFO - Keep holding...
2023-11-16 02:40:57,633 - INFO - trade_current_direction: nan
2023-11-16 02:40:57,633 - INFO - max_buy_direction_price: 1.08589
2023-11-16 02:40:57,633 - INFO - max_sell_direction_price: 1.08586
2023-11-16 02:40:57,633 - INFO - Current current_market_price: 1.08461 | next buy price: 1.08789 | next sell price: 1.08386
2023-11-16 02:40:57,633 - INFO - Keep holding...
2023-11-16 02:55:57,646 - INFO - trade_current_direction: nan
2023-11-16 02:55:57,646 - INFO - max_buy_direction_price: 1.08589
2023-11-16 02:55:57,646 - INFO - max_sell_direction_price: 1.08586
2023-11-16 02:55:57,646 - INFO - Current current_market_price: 1.08451 | next buy price: 1.08789 | next sell price: 1.08386
2023-11-16 02:55:57,646 - INFO - Keep holding...
2023-11-16 03:10:57,659 - INFO - trade_current_direction: nan
2023-11-16 03:10:57,659 - INFO - max_buy_direction_price: 1.08589
2023-11-16 03:10:57,659 - INFO - max_sell_direction_price: 1.08586
2023-11-16 03:10:57,659 - INFO - Current current_market_price: 1.08468 | next buy price: 1.08789 | next sell price: 1.08386
2023-11-16 03:10:57,659 - INFO - Keep holding...
2023-11-16 03:25:57,674 - INFO - trade_current_direction: nan
2023-11-16 03:25:57,674 - INFO - max_buy_direction_price: 1.08589
2023-11-16 03:25:57,674 - INFO - max_sell_direction_price: 1.08586
2023-11-16 03:25:57,674 - INFO - Current current_market_price: 1.08451 | next buy price: 1.08789 | next sell price: 1.08386
2023-11-16 03:25:57,674 - INFO - Keep holding...
2023-11-16 03:40:57,698 - INFO - trade_current_direction: nan
2023-11-16 03:40:57,698 - INFO - max_buy_direction_price: 1.08589
2023-11-16 03:40:57,698 - INFO - max_sell_direction_price: 1.08586
2023-11-16 03:40:57,698 - INFO - Current current_market_price: 1.08457 | next buy price: 1.08789 | next sell price: 1.08386
2023-11-16 03:40:57,698 - INFO - Keep holding...
2023-11-16 03:55:57,716 - INFO - trade_current_direction: nan
2023-11-16 03:55:57,716 - INFO - max_buy_direction_price: 1.08589
2023-11-16 03:55:57,716 - INFO - max_sell_direction_price: 1.08586
2023-11-16 03:55:57,716 - INFO - Current current_market_price: 1.08438 | next buy price: 1.08789 | next sell price: 1.08386
2023-11-16 03:55:57,716 - INFO - Keep holding...
2023-11-16 04:10:57,727 - INFO - trade_current_direction: nan
2023-11-16 04:10:57,727 - INFO - max_buy_direction_price: 1.08589
2023-11-16 04:10:57,727 - INFO - max_sell_direction_price: 1.08586
2023-11-16 04:10:57,727 - INFO - Current current_market_price: 1.0846 | next buy price: 1.08789 | next sell price: 1.08386
2023-11-16 04:10:57,727 - INFO - Keep holding...
2023-11-16 04:25:57,750 - INFO - trade_current_direction: nan
2023-11-16 04:25:57,750 - INFO - max_buy_direction_price: 1.08589
2023-11-16 04:25:57,750 - INFO - max_sell_direction_price: 1.08586
2023-11-16 04:25:57,750 - INFO - Current current_market_price: 1.0846 | next buy price: 1.08789 | next sell price: 1.08386
2023-11-16 04:25:57,750 - INFO - Keep holding...
2023-11-16 04:40:57,769 - INFO - trade_current_direction: nan
2023-11-16 04:40:57,769 - INFO - max_buy_direction_price: 1.08589
2023-11-16 04:40:57,769 - INFO - max_sell_direction_price: 1.08586
2023-11-16 04:40:57,769 - INFO - Current current_market_price: 1.0846 | next buy price: 1.08789 | next sell price: 1.08386
2023-11-16 04:40:57,769 - INFO - Keep holding...
2023-11-16 04:55:57,783 - INFO - trade_current_direction: nan
2023-11-16 04:55:57,783 - INFO - max_buy_direction_price: 1.08589
2023-11-16 04:55:57,783 - INFO - max_sell_direction_price: 1.08586
2023-11-16 04:55:57,783 - INFO - Current current_market_price: 1.08471 | next buy price: 1.08789 | next sell price: 1.08386
2023-11-16 04:55:57,783 - INFO - Keep holding...
2023-11-16 05:10:57,803 - INFO - trade_current_direction: nan
2023-11-16 05:10:57,803 - INFO - max_buy_direction_price: 1.08589
2023-11-16 05:10:57,803 - INFO - max_sell_direction_price: 1.08586
2023-11-16 05:10:57,803 - INFO - Current current_market_price: 1.08498 | next buy price: 1.08789 | next sell price: 1.08386
2023-11-16 05:10:57,803 - INFO - Keep holding...
2023-11-16 05:25:57,818 - INFO - trade_current_direction: nan
2023-11-16 05:25:57,818 - INFO - max_buy_direction_price: 1.08589
2023-11-16 05:25:57,818 - INFO - max_sell_direction_price: 1.08586
2023-11-16 05:25:57,818 - INFO - Current current_market_price: 1.08483 | next buy price: 1.08789 | next sell price: 1.08386
2023-11-16 05:25:57,818 - INFO - Keep holding...
2023-11-16 05:40:57,836 - INFO - trade_current_direction: nan
2023-11-16 05:40:57,836 - INFO - max_buy_direction_price: 1.08589
2023-11-16 05:40:57,836 - INFO - max_sell_direction_price: 1.08586
2023-11-16 05:40:57,836 - INFO - Current current_market_price: 1.08486 | next buy price: 1.08789 | next sell price: 1.08386
2023-11-16 05:40:57,836 - INFO - Keep holding...
2023-11-16 05:55:57,849 - INFO - trade_current_direction: nan
2023-11-16 05:55:57,849 - INFO - max_buy_direction_price: 1.08589
2023-11-16 05:55:57,849 - INFO - max_sell_direction_price: 1.08586
2023-11-16 05:55:57,849 - INFO - Current current_market_price: 1.08506 | next buy price: 1.08789 | next sell price: 1.08386
2023-11-16 05:55:57,849 - INFO - Keep holding...
2023-11-16 06:10:57,864 - INFO - trade_current_direction: nan
2023-11-16 06:10:57,864 - INFO - max_buy_direction_price: 1.08589
2023-11-16 06:10:57,864 - INFO - max_sell_direction_price: 1.08586
2023-11-16 06:10:57,864 - INFO - Current current_market_price: 1.08488 | next buy price: 1.08789 | next sell price: 1.08386
2023-11-16 06:10:57,864 - INFO - Keep holding...
2023-11-16 06:25:57,878 - INFO - trade_current_direction: nan
2023-11-16 06:25:57,878 - INFO - max_buy_direction_price: 1.08589
2023-11-16 06:25:57,878 - INFO - max_sell_direction_price: 1.08586
2023-11-16 06:25:57,878 - INFO - Current current_market_price: 1.0849199999999999 | next buy price: 1.08789 | next sell price: 1.08386
2023-11-16 06:25:57,878 - INFO - Keep holding...
2023-11-16 06:40:57,895 - INFO - trade_current_direction: nan
2023-11-16 06:40:57,895 - INFO - max_buy_direction_price: 1.08589
2023-11-16 06:40:57,895 - INFO - max_sell_direction_price: 1.08586
2023-11-16 06:40:57,895 - INFO - Current current_market_price: 1.08502 | next buy price: 1.08789 | next sell price: 1.08386
2023-11-16 06:40:57,895 - INFO - Keep holding...
2023-11-16 06:55:57,904 - INFO - trade_current_direction: nan
2023-11-16 06:55:57,904 - INFO - max_buy_direction_price: 1.08589
2023-11-16 06:55:57,904 - INFO - max_sell_direction_price: 1.08586
2023-11-16 06:55:57,904 - INFO - Current current_market_price: 1.08526 | next buy price: 1.08789 | next sell price: 1.08386
2023-11-16 06:55:57,904 - INFO - Keep holding...
2023-11-16 07:10:57,921 - INFO - trade_current_direction: nan
2023-11-16 07:10:57,921 - INFO - max_buy_direction_price: 1.08589
2023-11-16 07:10:57,921 - INFO - max_sell_direction_price: 1.08586
2023-11-16 07:10:57,921 - INFO - Current current_market_price: 1.08536 | next buy price: 1.08789 | next sell price: 1.08386
2023-11-16 07:10:57,921 - INFO - Keep holding...
2023-11-16 07:25:57,927 - INFO - trade_current_direction: nan
2023-11-16 07:25:57,927 - INFO - max_buy_direction_price: 1.08589
2023-11-16 07:25:57,927 - INFO - max_sell_direction_price: 1.08586
2023-11-16 07:25:57,927 - INFO - Current current_market_price: 1.08536 | next buy price: 1.08789 | next sell price: 1.08386
2023-11-16 07:25:57,927 - INFO - Keep holding...
2023-11-16 07:40:57,948 - INFO - trade_current_direction: nan
2023-11-16 07:40:57,948 - INFO - max_buy_direction_price: 1.08589
2023-11-16 07:40:57,948 - INFO - max_sell_direction_price: 1.08586
2023-11-16 07:40:57,948 - INFO - Current current_market_price: 1.08514 | next buy price: 1.08789 | next sell price: 1.08386
2023-11-16 07:40:57,948 - INFO - Keep holding...
2023-11-16 07:55:57,955 - INFO - trade_current_direction: nan
2023-11-16 07:55:57,955 - INFO - max_buy_direction_price: 1.08589
2023-11-16 07:55:57,955 - INFO - max_sell_direction_price: 1.08586
2023-11-16 07:55:57,955 - INFO - Current current_market_price: 1.08526 | next buy price: 1.08789 | next sell price: 1.08386
2023-11-16 07:55:57,955 - INFO - Keep holding...
2023-11-16 08:10:57,966 - INFO - trade_current_direction: nan
2023-11-16 08:10:57,966 - INFO - max_buy_direction_price: 1.08589
2023-11-16 08:10:57,966 - INFO - max_sell_direction_price: 1.08586
2023-11-16 08:10:57,966 - INFO - Current current_market_price: 1.08502 | next buy price: 1.08789 | next sell price: 1.08386
2023-11-16 08:10:57,966 - INFO - Keep holding...
2023-11-16 08:25:57,987 - INFO - trade_current_direction: nan
2023-11-16 08:25:57,987 - INFO - max_buy_direction_price: 1.08589
2023-11-16 08:25:57,987 - INFO - max_sell_direction_price: 1.08586
2023-11-16 08:25:57,987 - INFO - Current current_market_price: 1.0848 | next buy price: 1.08789 | next sell price: 1.08386
2023-11-16 08:25:57,987 - INFO - Keep holding...
2023-11-16 08:40:57,999 - INFO - trade_current_direction: nan
2023-11-16 08:40:57,999 - INFO - max_buy_direction_price: 1.08589
2023-11-16 08:40:57,999 - INFO - max_sell_direction_price: 1.08586
2023-11-16 08:40:57,999 - INFO - Current current_market_price: 1.08434 | next buy price: 1.08789 | next sell price: 1.08386
2023-11-16 08:40:57,999 - INFO - Keep holding...
2023-11-16 08:55:58,014 - INFO - trade_current_direction: nan
2023-11-16 08:55:58,014 - INFO - max_buy_direction_price: 1.08589
2023-11-16 08:55:58,014 - INFO - max_sell_direction_price: 1.08586
2023-11-16 08:55:58,014 - INFO - Current current_market_price: 1.08446 | next buy price: 1.08789 | next sell price: 1.08386
2023-11-16 08:55:58,014 - INFO - Keep holding...
2023-11-16 09:10:58,031 - INFO - trade_current_direction: nan
2023-11-16 09:10:58,031 - INFO - max_buy_direction_price: 1.08589
2023-11-16 09:10:58,031 - INFO - max_sell_direction_price: 1.08586
2023-11-16 09:10:58,031 - INFO - Current current_market_price: 1.084 | next buy price: 1.08789 | next sell price: 1.08386
2023-11-16 09:10:58,031 - INFO - Keep holding...
2023-11-16 09:25:58,050 - INFO - trade_current_direction: nan
2023-11-16 09:25:58,050 - INFO - max_buy_direction_price: 1.08589
2023-11-16 09:25:58,050 - INFO - max_sell_direction_price: 1.08586
2023-11-16 09:25:58,050 - INFO - Current current_market_price: 1.0842 | next buy price: 1.08789 | next sell price: 1.08386
2023-11-16 09:25:58,050 - INFO - Keep holding...
2023-11-16 09:26:50,053 - INFO - =====================PROGRAM START====================
2023-11-16 09:26:50,053 - INFO - File EURUSD_trade_history_df.csv already exists. Skipping creation.
2023-11-16 09:26:50,068 - INFO - last_trade_buy_status : open
2023-11-16 09:26:50,068 - INFO - last_trade_sell_status : open
2023-11-16 09:26:50,068 - INFO - True
2023-11-16 09:26:50,068 - INFO - Already has opened order
2023-11-16 09:26:51,119 - INFO - trade_current_direction: nan
2023-11-16 09:26:51,119 - INFO - max_buy_direction_price: 1.08589
2023-11-16 09:26:51,119 - INFO - max_sell_direction_price: 1.08586
2023-11-16 09:26:51,119 - INFO - Current current_market_price: 1.08402 | next buy price: 1.08789 | next sell price: 1.08386
2023-11-16 09:26:51,620 - INFO - Keep holding...
2023-11-16 09:41:51,652 - INFO - current_market_price <= next_sell_at
2023-11-16 09:41:51,655 - INFO - 1
                524969294
                EURUSD
                0.01
                0
                1.08586
                0
                1
              
2023-11-16 09:41:52,163 - INFO - Close last sell order: COMPLETED
2023-11-16 09:41:52,179 - INFO - Account Balance: 6127.5
2023-11-16 09:41:52,179 - INFO - Account Equity: 6124.73
2023-11-16 09:41:52,179 - INFO - Account Margin: 1085.89
2023-11-16 09:41:52,179 - INFO - Account Free Margin: 5038.84
2023-11-16 09:41:52,681 - INFO - order_result: OrderSendResult(retcode=10009, deal=383053778, order=525353919, volume=0.01, price=1.08349, bid=1.08349, ask=1.08349, comment='Request executed', request_id=2328103571, retcode_external=0, request=TradeRequest(action=1, magic=100, order=0, symbol='EURUSD', volume=0.01, price=1.08349, stoplimit=0.0, sl=0.0, tp=0.0, deviation=20, type=0, type_filling=1, type_time=0, expiration=0, comment='python market order', position=0, position_by=0))
2023-11-16 09:41:53,196 - INFO - order_result: OrderSendResult(retcode=10009, deal=383053780, order=525353923, volume=0.01, price=1.08349, bid=1.08349, ask=1.08349, comment='Request executed', request_id=2328103572, retcode_external=0, request=TradeRequest(action=1, magic=100, order=0, symbol='EURUSD', volume=0.01, price=1.08349, stoplimit=0.0, sl=0.0, tp=0.0, deviation=20, type=1, type_filling=1, type_time=0, expiration=0, comment='python market order', position=0, position_by=0))
2023-11-16 09:41:53,211 - INFO - Data frame has been updated. File name: EURUSD_trade_history_df.csv
2023-11-16 09:41:53,211 - INFO - Make next buy and sell orders: COMPLETED
2023-11-16 09:56:53,221 - INFO - trade_current_direction: sell
2023-11-16 09:56:53,221 - INFO - max_buy_direction_price: 1.08349
2023-11-16 09:56:53,221 - INFO - max_sell_direction_price: 1.08349
2023-11-16 09:56:53,221 - INFO - Current market buy price: 1.08318 < max sell price 1.08349
2023-11-16 09:56:53,236 - INFO - Current current_market_price: 1.08318 | next buy price: 1.08549 | next sell price: 1.08149
2023-11-16 09:56:53,236 - INFO - Keep holding...
2023-11-16 10:11:53,241 - INFO - Market reverse 30% from sell direction to buy
2023-11-16 10:11:55,540 - INFO - Close all of the orders: SUCCESSFULLY
2023-11-16 10:11:55,540 - INFO - =====================Bot existing ...=====================
2023-11-16 22:31:56,210 - INFO - =====================PROGRAM START====================
2023-11-16 22:31:56,210 - INFO - File EURUSD_trade_history_df.csv already exists. Skipping creation.
2023-11-16 22:31:57,350 - INFO - last_trade_buy_status : close
2023-11-16 22:31:57,350 - INFO - last_trade_sell_status : close
2023-11-16 22:31:57,353 - INFO - False
2023-11-16 22:31:57,356 - INFO - Make first trade
2023-11-16 22:31:57,356 - INFO - Account Balance: 6125.14
2023-11-16 22:31:57,357 - INFO - Account Equity: 6122.05
2023-11-16 22:31:57,357 - INFO - Account Margin: 1000.0
2023-11-16 22:31:57,358 - INFO - Account Free Margin: 5122.05
2023-11-16 22:31:57,358 - INFO - fib number :1
2023-11-16 22:31:57,359 - INFO - Symbol Margin Required for 1 lot: 0.0
2023-11-16 22:31:57,900 - INFO - File EURUSD_trade_history_df.csv already exists. Skipping creation.
2023-11-16 22:31:58,466 - INFO - order_result: OrderSendResult(retcode=10009, deal=383531030, order=525915656, volume=0.01, price=1.08938, bid=1.08938, ask=1.08938, comment='Request executed', request_id=2328103600, retcode_external=0, request=TradeRequest(action=1, magic=100, order=0, symbol='EURUSD', volume=0.01, price=1.08938, stoplimit=0.0, sl=0.0, tp=0.0, deviation=20, type=0, type_filling=1, type_time=0, expiration=0, comment='python market order', position=0, position_by=0))
2023-11-16 22:31:59,028 - INFO - order_result: OrderSendResult(retcode=10009, deal=383531038, order=525915664, volume=0.01, price=1.08938, bid=1.08938, ask=1.08938, comment='Request executed', request_id=2328103601, retcode_external=0, request=TradeRequest(action=1, magic=100, order=0, symbol='EURUSD', volume=0.01, price=1.08938, stoplimit=0.0, sl=0.0, tp=0.0, deviation=20, type=1, type_filling=1, type_time=0, expiration=0, comment='python market order', position=0, position_by=0))
2023-11-16 22:32:01,371 - INFO - Data frame has been updated. File name: EURUSD_trade_history_df.csv
2023-11-16 22:32:01,387 - INFO - trade_current_direction: nan
2023-11-16 22:32:01,387 - INFO - max_buy_direction_price: 1.08938
2023-11-16 22:32:01,387 - INFO - max_sell_direction_price: 1.08938
2023-11-16 22:32:01,387 - INFO - Current current_market_price: 1.08935 | next buy price: 1.09138 | next sell price: 1.08738
2023-11-16 22:32:01,387 - INFO - Keep holding...
2023-11-16 22:47:01,403 - INFO - trade_current_direction: nan
2023-11-16 22:47:01,403 - INFO - max_buy_direction_price: 1.08938
2023-11-16 22:47:01,403 - INFO - max_sell_direction_price: 1.08938
2023-11-16 22:47:01,403 - INFO - Current current_market_price: 1.08741 | next buy price: 1.09138 | next sell price: 1.08738
2023-11-16 22:47:01,403 - INFO - Keep holding...
2023-11-16 23:02:01,428 - INFO - trade_current_direction: nan
2023-11-16 23:02:01,428 - INFO - max_buy_direction_price: 1.08938
2023-11-16 23:02:01,428 - INFO - max_sell_direction_price: 1.08938
2023-11-16 23:02:01,428 - INFO - Current current_market_price: 1.08778 | next buy price: 1.09138 | next sell price: 1.08738
2023-11-16 23:02:01,428 - INFO - Keep holding...
2023-11-16 23:17:01,452 - INFO - current_market_price <= next_sell_at
2023-11-16 23:17:01,452 - INFO - 1
                525915664
                EURUSD
                0.01
                0
                1.08938
                0
                1
              
2023-11-16 23:17:02,015 - INFO - Close last sell order: COMPLETED
2023-11-16 23:17:02,030 - INFO - Account Balance: 6126.03
2023-11-16 23:17:02,030 - INFO - Account Equity: 6121.96
2023-11-16 23:17:02,030 - INFO - Account Margin: 2333.71
2023-11-16 23:17:02,030 - INFO - Account Free Margin: 3788.25
2023-11-16 23:17:02,577 - INFO - order_result: OrderSendResult(retcode=10009, deal=383577711, order=525966713, volume=0.01, price=1.08716, bid=1.08716, ask=1.08716, comment='Request executed', request_id=2328103612, retcode_external=0, request=TradeRequest(action=1, magic=100, order=0, symbol='EURUSD', volume=0.01, price=1.08716, stoplimit=0.0, sl=0.0, tp=0.0, deviation=20, type=0, type_filling=1, type_time=0, expiration=0, comment='python market order', position=0, position_by=0))
2023-11-16 23:17:03,140 - INFO - order_result: OrderSendResult(retcode=10009, deal=383577730, order=525966731, volume=0.01, price=1.08716, bid=1.08716, ask=1.08716, comment='Request executed', request_id=2328103613, retcode_external=0, request=TradeRequest(action=1, magic=100, order=0, symbol='EURUSD', volume=0.01, price=1.08716, stoplimit=0.0, sl=0.0, tp=0.0, deviation=20, type=1, type_filling=1, type_time=0, expiration=0, comment='python market order', position=0, position_by=0))
2023-11-16 23:17:03,155 - INFO - Data frame has been updated. File name: EURUSD_trade_history_df.csv
2023-11-16 23:17:03,155 - INFO - Make next buy and sell orders: COMPLETED
2023-11-16 23:32:04,941 - INFO - trade_current_direction: sell
2023-11-16 23:32:04,941 - INFO - max_buy_direction_price: 1.08716
2023-11-16 23:32:04,941 - INFO - max_sell_direction_price: 1.08716
2023-11-16 23:32:04,941 - INFO - Current market buy price: 1.08565 < max sell price 1.08716
2023-11-16 23:32:04,957 - INFO - Current current_market_price: 1.08565 | next buy price: 1.08916 | next sell price: 1.08516
2023-11-16 23:32:04,957 - INFO - Keep holding...
2023-11-16 23:47:04,979 - INFO - current_market_price <= next_sell_at
2023-11-16 23:47:05,526 - INFO - 1
                525966731
                EURUSD
                0.01
                0
                1.08716
                0
                1
              
2023-11-16 23:47:06,073 - INFO - Close last sell order: COMPLETED
2023-11-16 23:47:06,073 - INFO - Account Balance: 6127.5
2023-11-16 23:47:06,073 - INFO - Account Equity: 6118.0
2023-11-16 23:47:06,088 - INFO - Account Margin: 4264.01
2023-11-16 23:47:06,088 - INFO - Account Free Margin: 1853.99
2023-11-16 23:47:07,932 - INFO - order_result: OrderSendResult(retcode=10009, deal=383609640, order=526000515, volume=0.02, price=1.08504, bid=1.08504, ask=1.08504, comment='Request executed', request_id=2328103624, retcode_external=0, request=TradeRequest(action=1, magic=100, order=0, symbol='EURUSD', volume=0.02, price=1.08508, stoplimit=0.0, sl=0.0, tp=0.0, deviation=20, type=1, type_filling=1, type_time=0, expiration=0, comment='python market order', position=0, position_by=0))
2023-11-17 09:41:54,543 - INFO - =====================PROGRAM START====================
2023-11-17 09:41:54,543 - INFO - File EURUSD_trade_history_df.csv already exists. Skipping creation.
2023-11-17 09:41:54,558 - INFO - last_trade_buy_status : open
2023-11-17 09:41:54,558 - INFO - last_trade_sell_status : close
2023-11-17 09:41:54,558 - INFO - True
2023-11-17 09:41:54,558 - INFO - Already has opened order
2023-11-17 09:42:02,317 - INFO - current_market_price <= next_sell_at
2023-11-17 09:42:02,989 - INFO - 1
                525966731
                EURUSD
                0.01
                0
                1.08716
                0
                1
              
2023-11-17 09:42:04,392 - INFO - Close last sell order: COMPLETED
2023-11-17 09:42:04,396 - INFO - Account Balance: 6124.92
2023-11-17 09:42:04,396 - INFO - Account Equity: 6118.22
2023-11-17 09:42:04,396 - INFO - Account Margin: 0.0
2023-11-17 09:42:04,396 - INFO - Account Free Margin: 6118.22
2023-11-17 09:42:05,049 - INFO - order_result: OrderSendResult(retcode=10009, deal=383822457, order=526259051, volume=0.02, price=1.085, bid=1.085, ask=1.085, comment='Request executed', request_id=4041985417, retcode_external=0, request=TradeRequest(action=1, magic=100, order=0, symbol='EURUSD', volume=0.02, price=1.085, stoplimit=0.0, sl=0.0, tp=0.0, deviation=20, type=0, type_filling=1, type_time=0, expiration=0, comment='python market order', position=0, position_by=0))
2023-11-17 09:42:05,705 - INFO - order_result: OrderSendResult(retcode=10009, deal=383822470, order=526259067, volume=0.02, price=1.085, bid=1.085, ask=1.085, comment='Request executed', request_id=4041985418, retcode_external=0, request=TradeRequest(action=1, magic=100, order=0, symbol='EURUSD', volume=0.02, price=1.085, stoplimit=0.0, sl=0.0, tp=0.0, deviation=20, type=1, type_filling=1, type_time=0, expiration=0, comment='python market order', position=0, position_by=0))
2023-11-17 09:42:05,705 - INFO - Data frame has been updated. File name: EURUSD_trade_history_df.csv
2023-11-17 09:42:05,705 - INFO - Make next buy and sell orders: COMPLETED
2023-11-17 09:57:05,729 - INFO - trade_current_direction: sell
2023-11-17 09:57:05,729 - INFO - max_buy_direction_price: 1.085
2023-11-17 09:57:05,729 - INFO - max_sell_direction_price: 1.085
2023-11-17 09:57:05,729 - INFO - Current current_market_price: 1.08545 | next buy price: 1.087 | next sell price: 1.083
2023-11-17 09:57:05,729 - INFO - Keep holding...
2023-11-17 10:12:05,751 - INFO - trade_current_direction: sell
2023-11-17 10:12:05,751 - INFO - max_buy_direction_price: 1.085
2023-11-17 10:12:05,751 - INFO - max_sell_direction_price: 1.085
2023-11-17 10:12:05,751 - INFO - Current current_market_price: 1.0856 | next buy price: 1.087 | next sell price: 1.083
2023-11-17 10:12:05,751 - INFO - Keep holding...
2023-11-17 10:27:05,758 - INFO - trade_current_direction: sell
2023-11-17 10:27:05,758 - INFO - max_buy_direction_price: 1.085
2023-11-17 10:27:05,758 - INFO - max_sell_direction_price: 1.085
2023-11-17 10:27:05,758 - INFO - Current current_market_price: 1.0854 | next buy price: 1.087 | next sell price: 1.083
2023-11-17 10:27:05,758 - INFO - Keep holding...
2023-11-17 10:42:05,768 - INFO - trade_current_direction: sell
2023-11-17 10:42:05,768 - INFO - max_buy_direction_price: 1.085
2023-11-17 10:42:05,768 - INFO - max_sell_direction_price: 1.085
2023-11-17 10:42:05,768 - INFO - Current current_market_price: 1.08556 | next buy price: 1.087 | next sell price: 1.083
2023-11-17 10:42:05,768 - INFO - Keep holding...
2023-11-17 10:57:05,785 - INFO - trade_current_direction: sell
2023-11-17 10:57:05,785 - INFO - max_buy_direction_price: 1.085
2023-11-17 10:57:05,785 - INFO - max_sell_direction_price: 1.085
2023-11-17 10:57:05,785 - INFO - Current current_market_price: 1.08536 | next buy price: 1.087 | next sell price: 1.083
2023-11-17 10:57:05,785 - INFO - Keep holding...
2023-11-17 11:12:05,813 - INFO - trade_current_direction: sell
2023-11-17 11:12:05,813 - INFO - max_buy_direction_price: 1.085
2023-11-17 11:12:05,814 - INFO - max_sell_direction_price: 1.085
2023-11-17 11:12:05,814 - INFO - Current current_market_price: 1.08536 | next buy price: 1.087 | next sell price: 1.083
2023-11-17 11:12:05,814 - INFO - Keep holding...
2023-11-17 11:27:05,818 - INFO - trade_current_direction: sell
2023-11-17 11:27:05,818 - INFO - max_buy_direction_price: 1.085
2023-11-17 11:27:05,818 - INFO - max_sell_direction_price: 1.085
2023-11-17 11:27:05,818 - INFO - Current current_market_price: 1.08536 | next buy price: 1.087 | next sell price: 1.083
2023-11-17 11:27:05,818 - INFO - Keep holding...
2023-11-17 11:42:05,832 - INFO - trade_current_direction: sell
2023-11-17 11:42:05,832 - INFO - max_buy_direction_price: 1.085
2023-11-17 11:42:05,832 - INFO - max_sell_direction_price: 1.085
2023-11-17 11:42:05,832 - INFO - Current current_market_price: 1.0854 | next buy price: 1.087 | next sell price: 1.083
2023-11-17 11:42:05,832 - INFO - Keep holding...
2023-11-17 11:57:06,270 - INFO - trade_current_direction: sell
2023-11-17 11:57:06,270 - INFO - max_buy_direction_price: 1.085
2023-11-17 11:57:06,270 - INFO - max_sell_direction_price: 1.085
2023-11-17 11:57:06,270 - INFO - Current current_market_price: 1.0851 | next buy price: 1.087 | next sell price: 1.083
2023-11-17 11:57:06,270 - INFO - Keep holding...
2023-11-17 12:12:06,277 - INFO - trade_current_direction: sell
2023-11-17 12:12:06,277 - INFO - max_buy_direction_price: 1.085
2023-11-17 12:12:06,277 - INFO - max_sell_direction_price: 1.085
2023-11-17 12:12:06,277 - INFO - Current current_market_price: 1.08511 | next buy price: 1.087 | next sell price: 1.083
2023-11-17 12:12:06,278 - INFO - Keep holding...
2023-11-17 12:27:06,286 - INFO - trade_current_direction: sell
2023-11-17 12:27:06,286 - INFO - max_buy_direction_price: 1.085
2023-11-17 12:27:06,286 - INFO - max_sell_direction_price: 1.085
2023-11-17 12:27:06,286 - INFO - Current market buy price: 1.08496 < max sell price 1.085
2023-11-17 12:27:06,286 - INFO - Current current_market_price: 1.08496 | next buy price: 1.087 | next sell price: 1.083
2023-11-17 12:27:06,286 - INFO - Keep holding...
2023-11-17 12:42:06,301 - INFO - Market reverse 30% from sell direction to buy
2023-11-17 12:42:09,046 - INFO - Close all of the orders: SUCCESSFULLY
2023-11-17 12:42:09,046 - INFO - =====================Bot existing ...=====================
2023-11-17 18:59:13,415 - INFO - =====================PROGRAM START====================
2023-11-17 18:59:13,415 - INFO - File EURUSD_trade_history_df.csv already exists. Skipping creation.
2023-11-17 18:59:18,871 - INFO - last_trade_buy_status : close
2023-11-17 18:59:18,871 - INFO - last_trade_sell_status : close
2023-11-17 18:59:18,871 - INFO - False
2023-11-17 18:59:18,872 - INFO - Make first trade
2023-11-17 18:59:18,872 - INFO - Account Balance: 6115.96
2023-11-17 18:59:18,872 - INFO - Account Equity: 6115.49
2023-11-17 18:59:18,872 - INFO - Account Margin: 0.0
2023-11-17 18:59:18,872 - INFO - Account Free Margin: 6115.49
2023-11-17 18:59:18,872 - INFO - fib number :1
2023-11-17 18:59:18,872 - INFO - Symbol Margin Required for 1 lot: 0.0
2023-11-17 18:59:18,876 - INFO - File EURUSD_trade_history_df.csv already exists. Skipping creation.
2023-11-17 18:59:19,532 - INFO - order_result: OrderSendResult(retcode=10009, deal=384126828, order=526603857, volume=0.02, price=1.0866, bid=1.0866, ask=1.0866, comment='Request executed', request_id=4041985459, retcode_external=0, request=TradeRequest(action=1, magic=100, order=0, symbol='EURUSD', volume=0.02, price=1.0866, stoplimit=0.0, sl=0.0, tp=0.0, deviation=20, type=0, type_filling=1, type_time=0, expiration=0, comment='python market order', position=0, position_by=0))
2023-11-17 18:59:20,182 - INFO - order_result: OrderSendResult(retcode=10009, deal=384126831, order=526603860, volume=0.02, price=1.0866, bid=1.0866, ask=1.0866, comment='Request executed', request_id=4041985460, retcode_external=0, request=TradeRequest(action=1, magic=100, order=0, symbol='EURUSD', volume=0.02, price=1.0866, stoplimit=0.0, sl=0.0, tp=0.0, deviation=20, type=1, type_filling=1, type_time=0, expiration=0, comment='python market order', position=0, position_by=0))
2023-11-17 18:59:21,528 - INFO - Data frame has been updated. File name: EURUSD_trade_history_df.csv
2023-11-17 18:59:21,555 - INFO - trade_current_direction: nan
2023-11-17 18:59:21,555 - INFO - max_buy_direction_price: 1.0866
2023-11-17 18:59:21,556 - INFO - max_sell_direction_price: 1.0866
2023-11-17 18:59:21,556 - INFO - Current current_market_price: 1.0866 | next buy price: 1.089 | next sell price: 1.0842
2023-11-17 18:59:21,556 - INFO - Keep holding...
2023-11-17 19:00:59,135 - INFO - =====================PROGRAM START====================
2023-11-17 19:00:59,135 - INFO - File EURUSD_trade_history_df.csv already exists. Skipping creation.
2023-11-17 19:00:59,176 - INFO - last_trade_buy_status : open
2023-11-17 19:00:59,178 - INFO - last_trade_sell_status : open
2023-11-17 19:00:59,178 - INFO - True
2023-11-17 19:00:59,178 - INFO - Already has opened order
2023-11-17 19:00:59,189 - INFO - trade_current_direction: nan
2023-11-17 19:00:59,189 - INFO - max_buy_direction_price: 1.0866
2023-11-17 19:00:59,189 - INFO - max_sell_direction_price: 1.0866
2023-11-17 19:00:59,190 - INFO - Current current_market_price: 1.08653 | next buy price: 1.089 | next sell price: 1.0842
2023-11-17 19:00:59,190 - INFO - Keep holding...
2023-11-17 19:31:09,194 - INFO - trade_current_direction: nan
2023-11-17 19:31:09,194 - INFO - max_buy_direction_price: 1.0866
2023-11-17 19:31:09,194 - INFO - max_sell_direction_price: 1.0866
2023-11-17 19:31:09,194 - INFO - Current current_market_price: 1.08639 | next buy price: 1.089 | next sell price: 1.0842
2023-11-17 19:31:09,194 - INFO - Keep holding...
2023-11-17 20:01:19,202 - INFO - trade_current_direction: nan
2023-11-17 20:01:19,202 - INFO - max_buy_direction_price: 1.0866
2023-11-17 20:01:19,202 - INFO - max_sell_direction_price: 1.0866
2023-11-17 20:01:19,202 - INFO - Current current_market_price: 1.08637 | next buy price: 1.089 | next sell price: 1.0842
2023-11-17 20:01:19,202 - INFO - Keep holding...
2023-11-17 20:31:29,208 - INFO - trade_current_direction: nan
2023-11-17 20:31:29,208 - INFO - max_buy_direction_price: 1.0866
2023-11-17 20:31:29,208 - INFO - max_sell_direction_price: 1.0866
2023-11-17 20:31:29,208 - INFO - Current current_market_price: 1.08686 | next buy price: 1.089 | next sell price: 1.0842
2023-11-17 20:31:29,208 - INFO - Keep holding...
2023-11-17 21:01:39,233 - INFO - trade_current_direction: nan
2023-11-17 21:01:39,233 - INFO - max_buy_direction_price: 1.0866
2023-11-17 21:01:39,233 - INFO - max_sell_direction_price: 1.0866
2023-11-17 21:01:39,233 - INFO - Current current_market_price: 1.08759 | next buy price: 1.089 | next sell price: 1.0842
2023-11-17 21:01:39,233 - INFO - Keep holding...
2023-11-17 21:31:49,248 - INFO - trade_current_direction: nan
2023-11-17 21:31:49,248 - INFO - max_buy_direction_price: 1.0866
2023-11-17 21:31:49,248 - INFO - max_sell_direction_price: 1.0866
2023-11-17 21:31:49,248 - INFO - Current current_market_price: 1.08723 | next buy price: 1.089 | next sell price: 1.0842
2023-11-17 21:31:49,248 - INFO - Keep holding...
2023-11-17 22:01:59,269 - INFO - trade_current_direction: nan
2023-11-17 22:01:59,269 - INFO - max_buy_direction_price: 1.0866
2023-11-17 22:01:59,269 - INFO - max_sell_direction_price: 1.0866
2023-11-17 22:01:59,270 - INFO - Current current_market_price: 1.08718 | next buy price: 1.089 | next sell price: 1.0842
2023-11-17 22:01:59,270 - INFO - Keep holding...
2023-11-17 22:32:09,278 - INFO - trade_current_direction: nan
2023-11-17 22:32:09,278 - INFO - max_buy_direction_price: 1.0866
2023-11-17 22:32:09,278 - INFO - max_sell_direction_price: 1.0866
2023-11-17 22:32:09,279 - INFO - Current current_market_price: 1.08788 | next buy price: 1.089 | next sell price: 1.0842
2023-11-17 22:32:09,279 - INFO - Keep holding...
2023-11-17 23:02:19,297 - INFO - trade_current_direction: nan
2023-11-17 23:02:19,297 - INFO - max_buy_direction_price: 1.0866
2023-11-17 23:02:19,298 - INFO - max_sell_direction_price: 1.0866
2023-11-17 23:02:19,298 - INFO - Current current_market_price: 1.08838 | next buy price: 1.089 | next sell price: 1.0842
2023-11-17 23:02:19,298 - INFO - Keep holding...
2023-11-17 23:32:29,314 - INFO - trade_current_direction: nan
2023-11-17 23:32:29,314 - INFO - max_buy_direction_price: 1.0866
2023-11-17 23:32:29,314 - INFO - max_sell_direction_price: 1.0866
2023-11-17 23:32:29,314 - INFO - Current current_market_price: 1.08781 | next buy price: 1.089 | next sell price: 1.0842
2023-11-17 23:32:29,314 - INFO - Keep holding...
2023-11-18 00:02:39,338 - INFO - trade_current_direction: nan
2023-11-18 00:02:39,338 - INFO - max_buy_direction_price: 1.0866
2023-11-18 00:02:39,338 - INFO - max_sell_direction_price: 1.0866
2023-11-18 00:02:39,339 - INFO - Current current_market_price: 1.08796 | next buy price: 1.089 | next sell price: 1.0842
2023-11-18 00:02:39,339 - INFO - Keep holding...
2023-11-18 19:19:11,833 - INFO - =====================PROGRAM START====================
2023-11-18 19:19:11,833 - INFO - File EURUSD_trade_history_df.csv already exists. Skipping creation.
2023-11-18 19:19:11,864 - INFO - last_trade_buy_status : open
2023-11-18 19:19:11,864 - INFO - last_trade_sell_status : open
2023-11-18 19:19:11,864 - INFO - True
2023-11-18 19:19:11,864 - INFO - Already has opened order
2023-11-18 19:19:11,880 - INFO - current_market_price >= next_buy_at
2023-11-18 19:19:11,898 - INFO - 1
                526603857
                EURUSD
                0.02
                1
                1.0866
                0
                1
              
2023-11-18 19:19:14,055 - INFO - Close last buy order: COMPLETED
2023-11-18 19:19:14,060 - INFO - Account Balance: 6122.42
2023-11-18 19:19:14,061 - INFO - Account Equity: 6111.93
2023-11-18 19:19:14,061 - INFO - Account Margin: 3261.89
2023-11-18 19:19:14,061 - INFO - Account Free Margin: 2850.04
2023-11-20 08:53:12,784 - INFO - =====================PROGRAM START====================
2023-11-20 08:53:12,800 - INFO - File EURUSD_trade_history_df.csv already exists. Skipping creation.
2023-11-20 08:53:14,040 - INFO - last_trade_buy_status : open
2023-11-20 08:53:14,040 - INFO - last_trade_sell_status : open
2023-11-20 08:53:14,040 - INFO - True
2023-11-20 08:53:14,040 - INFO - Already has opened order
2023-11-20 08:53:14,056 - INFO - current_market_price >= next_buy_at
2023-11-20 08:53:14,080 - INFO - 1
                526603857
                EURUSD
                0.02
                1
                1.0866
                0
                1
              
2023-11-20 08:53:15,310 - INFO - Close last buy order: COMPLETED
2023-11-20 08:53:15,937 - INFO - Account Balance: 6137.61
2023-11-20 08:53:15,937 - INFO - Account Equity: 6114.9
2023-11-20 08:53:15,937 - INFO - Account Margin: 4173.2
2023-11-20 08:53:15,937 - INFO - Account Free Margin: 1941.7
2023-11-20 08:53:16,559 - INFO - order_result: OrderSendResult(retcode=10009, deal=384621368, order=527166125, volume=0.02, price=1.09084, bid=1.09084, ask=1.09084, comment='Request executed', request_id=4235269592, retcode_external=0, request=TradeRequest(action=1, magic=100, order=0, symbol='EURUSD', volume=0.02, price=1.09084, stoplimit=0.0, sl=0.0, tp=0.0, deviation=20, type=0, type_filling=1, type_time=0, expiration=0, comment='python market order', position=0, position_by=0))
2023-11-20 08:53:17,162 - INFO - order_result: OrderSendResult(retcode=10009, deal=384621369, order=527166127, volume=0.02, price=1.09084, bid=1.09084, ask=1.09084, comment='Request executed', request_id=4235269593, retcode_external=0, request=TradeRequest(action=1, magic=100, order=0, symbol='EURUSD', volume=0.02, price=1.09084, stoplimit=0.0, sl=0.0, tp=0.0, deviation=20, type=1, type_filling=1, type_time=0, expiration=0, comment='python market order', position=0, position_by=0))
2023-11-20 08:53:17,178 - INFO - Data frame has been updated. File name: EURUSD_trade_history_df.csv
2023-11-20 08:53:17,178 - INFO - Make next buy and sell orders: COMPLETED
2023-11-20 08:54:20,423 - INFO - =====================PROGRAM START====================
2023-11-20 08:54:20,423 - INFO - File EURUSD_trade_history_df.csv already exists. Skipping creation.
2023-11-20 08:54:20,477 - INFO - last_trade_buy_status : open
2023-11-20 08:54:20,477 - INFO - last_trade_sell_status : open
2023-11-20 08:54:20,477 - INFO - True
2023-11-20 08:54:20,477 - INFO - Already has opened order
2023-11-20 08:54:20,486 - INFO - trade_current_direction: buy
2023-11-20 08:54:20,486 - INFO - max_buy_direction_price: 1.09084
2023-11-20 08:54:20,486 - INFO - max_sell_direction_price: 1.09084
2023-11-20 08:54:20,487 - INFO - Current current_market_price: 1.09083 | next buy price: 1.09324 | next sell price: 1.08844
2023-11-20 08:54:20,487 - INFO - Keep holding...
2023-11-20 08:56:15,034 - INFO - =====================PROGRAM START====================
2023-11-20 08:56:15,034 - INFO - File EURUSD_trade_history_df.csv already exists. Skipping creation.
2023-11-20 08:56:15,049 - INFO - last_trade_buy_status : open
2023-11-20 08:56:15,049 - INFO - last_trade_sell_status : open
2023-11-20 08:56:15,049 - INFO - True
2023-11-20 08:56:15,049 - INFO - Already has opened order
2023-11-20 08:56:15,065 - INFO - trade_current_direction: buy
2023-11-20 08:56:15,065 - INFO - max_buy_direction_price: 1.09084
2023-11-20 08:56:15,065 - INFO - max_sell_direction_price: 1.09084
2023-11-20 08:56:15,065 - INFO - Current market buy price: 1.09085 > max buy price 1.09084
2023-11-20 08:56:15,080 - INFO - Current current_market_price: 1.09085 | next buy price: 1.09324 | next sell price: 1.08844
2023-11-20 08:56:15,080 - INFO - Keep holding...
2023-11-20 09:00:59,874 - INFO - =====================PROGRAM START====================
2023-11-20 09:00:59,874 - INFO - File EURUSD_trade_history_df.csv already exists. Skipping creation.
2023-11-20 09:00:59,921 - INFO - last_trade_buy_status : open
2023-11-20 09:00:59,921 - INFO - last_trade_sell_status : open
2023-11-20 09:00:59,921 - INFO - True
2023-11-20 09:00:59,921 - INFO - Already has opened order
2023-11-20 09:00:59,936 - INFO - trade_current_direction: buy
2023-11-20 09:00:59,936 - INFO - max_buy_direction_price: 1.09085
2023-11-20 09:00:59,936 - INFO - max_sell_direction_price: 1.09084
2023-11-20 09:00:59,936 - INFO - Current market buy price: 1.09094 > max buy price 1.09085
2023-11-20 09:01:00,557 - INFO - Current current_market_price: 1.09094 | next buy price: 1.09324 | next sell price: 1.08844
2023-11-20 09:01:00,566 - INFO - Keep holding...
2023-11-20 09:07:20,056 - INFO - =====================PROGRAM START====================
2023-11-20 09:07:20,056 - INFO - File EURUSD_trade_history_df.csv already exists. Skipping creation.
2023-11-20 09:07:20,089 - INFO - last_trade_buy_status : open
2023-11-20 09:07:20,090 - INFO - last_trade_sell_status : open
2023-11-20 09:07:20,091 - INFO - True
2023-11-20 09:07:20,091 - INFO - Already has opened order
2023-11-20 09:07:20,708 - INFO - trade_current_direction: buy
2023-11-20 09:07:20,709 - INFO - max_buy_direction_price: 1.09094
2023-11-20 09:07:20,709 - INFO - max_sell_direction_price: 1.09084
2023-11-20 09:07:20,709 - INFO - Current current_market_price: 1.09088 | next buy price: 1.09324 | next sell price: 1.08844
2023-11-20 09:07:20,710 - INFO - Keep holding...
2023-11-20 09:07:33,908 - INFO - =====================PROGRAM START====================
2023-11-20 09:07:33,908 - INFO - File EURUSD_trade_history_df.csv already exists. Skipping creation.
2023-11-20 09:07:33,918 - INFO - last_trade_buy_status : open
2023-11-20 09:07:33,918 - INFO - last_trade_sell_status : open
2023-11-20 09:07:33,918 - INFO - True
2023-11-20 09:07:33,918 - INFO - Already has opened order
2023-11-20 09:07:33,934 - INFO - trade_current_direction: buy
2023-11-20 09:07:33,934 - INFO - max_buy_direction_price: 1.09094
2023-11-20 09:07:33,934 - INFO - max_sell_direction_price: 1.09084
2023-11-20 09:07:33,934 - INFO - Current current_market_price: 1.09093 | next buy price: 1.09324 | next sell price: 1.08844
2023-11-20 09:07:33,934 - INFO - Keep holding...
2023-11-20 09:08:54,949 - INFO - =====================PROGRAM START====================
2023-11-20 09:08:54,949 - INFO - File EURUSD_trade_history_df.csv already exists. Skipping creation.
2023-11-20 09:08:54,981 - INFO - last_trade_buy_status : open
2023-11-20 09:08:54,981 - INFO - last_trade_sell_status : open
2023-11-20 09:08:54,981 - INFO - True
2023-11-20 09:08:54,981 - INFO - Already has opened order
2023-11-20 09:08:54,996 - INFO - trade_current_direction: buy
2023-11-20 09:08:54,996 - INFO - max_buy_direction_price: 1.09094
2023-11-20 09:08:54,996 - INFO - max_sell_direction_price: 1.09084
2023-11-20 09:08:54,996 - INFO - Current market buy price: 1.09097 > max buy price 1.09094
2023-11-20 09:08:55,009 - INFO - Current current_market_price: 1.09097 | next buy price: 1.09324 | next sell price: 1.08844
2023-11-20 09:08:55,010 - INFO - Keep holding...
2023-11-20 09:09:39,092 - INFO - =====================PROGRAM START====================
2023-11-20 09:09:39,093 - INFO - File EURUSD_trade_history_df.csv already exists. Skipping creation.
2023-11-20 09:09:39,125 - INFO - last_trade_buy_status : open
2023-11-20 09:09:39,125 - INFO - last_trade_sell_status : open
2023-11-20 09:09:39,125 - INFO - True
2023-11-20 09:09:39,125 - INFO - Already has opened order
2023-11-20 09:09:39,125 - INFO - trade_current_direction: buy
2023-11-20 09:09:39,125 - INFO - max_buy_direction_price: 1.09097
2023-11-20 09:09:39,125 - INFO - max_sell_direction_price: 1.09084
2023-11-20 09:09:39,125 - INFO - Current market buy price: 1.09108 > max buy price 1.09097
2023-11-20 09:09:39,140 - INFO - Current current_market_price: 1.09108 | next buy price: 1.09324 | next sell price: 1.08844
2023-11-20 09:09:39,140 - INFO - Keep holding...
2023-11-20 09:10:51,502 - INFO - =====================PROGRAM START====================
2023-11-20 09:10:51,503 - INFO - File EURUSD_trade_history_df.csv already exists. Skipping creation.
2023-11-20 09:10:51,533 - INFO - last_trade_buy_status : open
2023-11-20 09:10:51,533 - INFO - last_trade_sell_status : open
2023-11-20 09:10:51,533 - INFO - True
2023-11-20 09:10:51,534 - INFO - Already has opened order
2023-11-20 09:10:51,549 - INFO - trade_current_direction: buy
2023-11-20 09:10:51,549 - INFO - max_buy_direction_price: 1.09108
2023-11-20 09:10:51,549 - INFO - max_sell_direction_price: 1.09084
2023-11-20 09:10:51,550 - INFO - Current current_market_price: 1.09102 | next buy price: 1.09324 | next sell price: 1.08844
2023-11-20 09:10:51,550 - INFO - Keep holding...
2023-11-20 09:13:17,287 - INFO - =====================PROGRAM START====================
2023-11-20 09:13:17,287 - INFO - File EURUSD_trade_history_df.csv already exists. Skipping creation.
2023-11-20 09:13:17,303 - INFO - last_trade_buy_status : open
2023-11-20 09:13:17,303 - INFO - last_trade_sell_status : open
2023-11-20 09:13:17,303 - INFO - True
2023-11-20 09:13:17,303 - INFO - Already has opened order
2023-11-20 09:13:17,319 - INFO - trade_current_direction: buy
2023-11-20 09:13:17,319 - INFO - max_buy_direction_price: 1.09108
2023-11-20 09:13:17,319 - INFO - max_sell_direction_price: 1.09084
2023-11-20 09:13:17,319 - INFO - Current current_market_price: 1.09105 | next buy price: 1.09324 | next sell price: 1.08844
2023-11-20 09:13:17,319 - INFO - Keep holding...
2023-11-20 09:43:27,334 - INFO - trade_current_direction: buy
2023-11-20 09:43:27,334 - INFO - max_buy_direction_price: 1.09108
2023-11-20 09:43:27,334 - INFO - max_sell_direction_price: 1.09084
2023-11-20 09:43:27,334 - INFO - Current market buy price: 1.09218 > max buy price 1.09108
2023-11-20 09:43:27,334 - INFO - Current current_market_price: 1.09218 | next buy price: 1.09324 | next sell price: 1.08844
2023-11-20 09:43:27,334 - INFO - Keep holding...
2023-11-20 10:13:37,351 - INFO - trade_current_direction: buy
2023-11-20 10:13:37,351 - INFO - max_buy_direction_price: 1.09218
2023-11-20 10:13:37,351 - INFO - max_sell_direction_price: 1.09084
2023-11-20 10:13:37,351 - INFO - Current current_market_price: 1.092 | next buy price: 1.09324 | next sell price: 1.08844
2023-11-20 10:13:37,351 - INFO - Keep holding...
2023-11-20 10:43:47,381 - INFO - trade_current_direction: buy
2023-11-20 10:43:47,381 - INFO - max_buy_direction_price: 1.09218
2023-11-20 10:43:47,381 - INFO - max_sell_direction_price: 1.09084
2023-11-20 10:43:47,381 - INFO - Current market buy price: 1.09235 > max buy price 1.09218
2023-11-20 10:43:47,381 - INFO - Current current_market_price: 1.09235 | next buy price: 1.09324 | next sell price: 1.08844
2023-11-20 10:43:47,381 - INFO - Keep holding...
2023-11-20 11:13:57,394 - INFO - trade_current_direction: buy
2023-11-20 11:13:57,394 - INFO - max_buy_direction_price: 1.09235
2023-11-20 11:13:57,394 - INFO - max_sell_direction_price: 1.09084
2023-11-20 11:13:57,394 - INFO - Current market buy price: 1.09256 > max buy price 1.09235
2023-11-20 11:13:57,394 - INFO - Current current_market_price: 1.09256 | next buy price: 1.09324 | next sell price: 1.08844
2023-11-20 11:13:57,394 - INFO - Keep holding...
2023-11-20 11:44:07,419 - INFO - trade_current_direction: buy
2023-11-20 11:44:07,419 - INFO - max_buy_direction_price: 1.09256
2023-11-20 11:44:07,419 - INFO - max_sell_direction_price: 1.09084
2023-11-20 11:44:07,419 - INFO - Current market buy price: 1.09272 > max buy price 1.09256
2023-11-20 11:44:07,434 - INFO - Current current_market_price: 1.09272 | next buy price: 1.09324 | next sell price: 1.08844
2023-11-20 11:44:07,434 - INFO - Keep holding...
2023-11-20 12:14:17,450 - INFO - trade_current_direction: buy
2023-11-20 12:14:17,450 - INFO - max_buy_direction_price: 1.09272
2023-11-20 12:14:17,465 - INFO - max_sell_direction_price: 1.09084
2023-11-20 12:14:17,465 - INFO - Current current_market_price: 1.09264 | next buy price: 1.09324 | next sell price: 1.08844
2023-11-20 12:14:17,465 - INFO - Keep holding...
2023-11-20 12:44:27,480 - INFO - trade_current_direction: buy
2023-11-20 12:44:27,480 - INFO - max_buy_direction_price: 1.09272
2023-11-20 12:44:27,480 - INFO - max_sell_direction_price: 1.09084
2023-11-20 12:44:27,480 - INFO - Current market buy price: 1.09274 > max buy price 1.09272
2023-11-20 12:44:27,480 - INFO - Current current_market_price: 1.09274 | next buy price: 1.09324 | next sell price: 1.08844
2023-11-20 12:44:27,480 - INFO - Keep holding...
2023-11-20 13:14:37,504 - INFO - trade_current_direction: buy
2023-11-20 13:14:37,504 - INFO - max_buy_direction_price: 1.09274
2023-11-20 13:14:37,504 - INFO - max_sell_direction_price: 1.09084
2023-11-20 13:14:37,504 - INFO - Current current_market_price: 1.09186 | next buy price: 1.09324 | next sell price: 1.08844
2023-11-20 13:14:37,504 - INFO - Keep holding...
2023-11-20 13:44:47,529 - INFO - trade_current_direction: buy
2023-11-20 13:44:47,529 - INFO - max_buy_direction_price: 1.09274
2023-11-20 13:44:47,529 - INFO - max_sell_direction_price: 1.09084
2023-11-20 13:44:47,529 - INFO - Current current_market_price: 1.09177 | next buy price: 1.09324 | next sell price: 1.08844
2023-11-20 13:44:47,529 - INFO - Keep holding...
2023-11-20 14:14:57,548 - INFO - trade_current_direction: buy
2023-11-20 14:14:57,548 - INFO - max_buy_direction_price: 1.09274
2023-11-20 14:14:57,548 - INFO - max_sell_direction_price: 1.09084
2023-11-20 14:14:57,548 - INFO - Current current_market_price: 1.09191 | next buy price: 1.09324 | next sell price: 1.08844
2023-11-20 14:14:57,548 - INFO - Keep holding...
2023-11-20 14:45:07,557 - INFO - trade_current_direction: buy
2023-11-20 14:45:07,557 - INFO - max_buy_direction_price: 1.09274
2023-11-20 14:45:07,557 - INFO - max_sell_direction_price: 1.09084
2023-11-20 14:45:07,557 - INFO - Current current_market_price: 1.09169 | next buy price: 1.09324 | next sell price: 1.08844
2023-11-20 14:45:07,557 - INFO - Keep holding...
2023-11-20 15:15:17,565 - INFO - trade_current_direction: buy
2023-11-20 15:15:17,565 - INFO - max_buy_direction_price: 1.09274
2023-11-20 15:15:17,565 - INFO - max_sell_direction_price: 1.09084
2023-11-20 15:15:17,565 - INFO - Current market buy price: 1.09274 > max buy price 1.09274
2023-11-20 15:15:17,575 - INFO - Current current_market_price: 1.09274 | next buy price: 1.09324 | next sell price: 1.08844
2023-11-20 15:15:17,575 - INFO - Keep holding...
2023-11-20 15:45:27,582 - INFO - trade_current_direction: buy
2023-11-20 15:45:27,582 - INFO - max_buy_direction_price: 1.09274
2023-11-20 15:45:27,582 - INFO - max_sell_direction_price: 1.09084
2023-11-20 15:45:27,582 - INFO - Current current_market_price: 1.09249 | next buy price: 1.09324 | next sell price: 1.08844
2023-11-20 15:45:27,582 - INFO - Keep holding...
2023-11-20 16:15:37,592 - INFO - trade_current_direction: buy
2023-11-20 16:15:37,592 - INFO - max_buy_direction_price: 1.09274
2023-11-20 16:15:37,592 - INFO - max_sell_direction_price: 1.09084
2023-11-20 16:15:37,592 - INFO - Current market buy price: 1.09298 > max buy price 1.09274
2023-11-20 16:15:37,592 - INFO - Current current_market_price: 1.09298 | next buy price: 1.09324 | next sell price: 1.08844
2023-11-20 16:15:37,592 - INFO - Keep holding...
2023-11-20 16:45:47,608 - INFO - current_market_price >= next_buy_at
2023-11-20 16:45:47,623 - INFO - 1
                527166125
                EURUSD
                0.02
                1
                1.09084
                0
                1
              
2023-11-20 16:45:48,202 - INFO - Close last buy order: COMPLETED
2023-11-20 16:45:48,217 - INFO - Account Balance: 6134.99
2023-11-20 16:45:48,217 - INFO - Account Equity: 6111.84
2023-11-20 16:45:48,217 - INFO - Account Margin: 6354.88
2023-11-20 16:45:48,217 - INFO - Account Free Margin: -243.04
2023-11-20 16:45:48,733 - INFO - order_result: OrderSendResult(retcode=10009, deal=384842632, order=527429667, volume=0.04, price=1.09346, bid=1.09346, ask=1.09346, comment='Request executed', request_id=4235269611, retcode_external=0, request=TradeRequest(action=1, magic=100, order=0, symbol='EURUSD', volume=0.04, price=1.09346, stoplimit=0.0, sl=0.0, tp=0.0, deviation=20, type=0, type_filling=1, type_time=0, expiration=0, comment='python market order', position=0, position_by=0))
2023-11-20 21:56:46,948 - INFO - =====================PROGRAM START====================
2023-11-20 21:56:46,948 - INFO - File EURUSD_trade_history_df.csv already exists. Skipping creation.
2023-11-20 21:56:46,971 - INFO - last_trade_buy_status : close
2023-11-20 21:56:46,971 - INFO - last_trade_sell_status : open
2023-11-20 21:56:46,971 - INFO - True
2023-11-20 21:56:46,973 - INFO - Already has opened order
2023-11-20 21:56:46,985 - INFO - current_market_price >= next_buy_at
2023-11-20 21:56:46,990 - INFO - 1
                527166125
                EURUSD
                0.02
                1
                1.09084
                0
                1
              
2023-11-20 21:56:47,016 - INFO - Close last buy order: COMPLETED
2023-11-20 21:56:47,019 - INFO - Account Balance: 6134.85
2023-11-20 21:56:47,019 - INFO - Account Equity: 6110.06
2023-11-20 21:56:47,019 - INFO - Account Margin: 2000.0
2023-11-20 21:56:47,020 - INFO - Account Free Margin: 4110.06
