2023-11-15 01:22:06,145 - INFO - =====================PROGRAM START====================
2023-11-15 01:22:06,145 - INFO - Data frame has been created. File name: GBPUSD_trade_history_df.csv
2023-11-15 01:22:07,400 - INFO - False
2023-11-15 01:22:07,400 - INFO - Make first trade
2023-11-15 01:22:07,400 - INFO - Account Balance: 6132.38
2023-11-15 01:22:07,400 - INFO - Account Equity: 6132.37
2023-11-15 01:22:07,400 - INFO - Account Margin: 0.0
2023-11-15 01:22:07,400 - INFO - Account Free Margin: 6132.37
2023-11-15 01:22:07,400 - INFO - fib number :1
2023-11-15 01:22:07,400 - INFO - Symbol Margin Required for 1 lot: 0.0
2023-11-15 01:22:07,416 - INFO - File GBPUSD_trade_history_df.csv already exists. Skipping creation.
2023-11-15 01:22:08,045 - INFO - order_result: OrderSendResult(retcode=10009, deal=381983930, order=524131098, volume=0.01, price=1.24894, bid=1.24894, ask=1.24894, comment='Request executed', request_id=1838952237, retcode_external=0, request=TradeRequest(action=1, magic=100, order=0, symbol='GBPUSD', volume=0.01, price=1.24894, stoplimit=0.0, sl=0.0, tp=0.0, deviation=20, type=0, type_filling=1, type_time=0, expiration=0, comment='python market order', position=0, position_by=0))
2023-11-15 01:22:09,265 - INFO - order_result: OrderSendResult(retcode=10009, deal=381983940, order=524131109, volume=0.01, price=1.24896, bid=1.24896, ask=1.24896, comment='Request executed', request_id=1838952239, retcode_external=0, request=TradeRequest(action=1, magic=100, order=0, symbol='GBPUSD', volume=0.01, price=1.24896, stoplimit=0.0, sl=0.0, tp=0.0, deviation=20, type=1, type_filling=1, type_time=0, expiration=0, comment='python market order', position=0, position_by=0))
2023-11-15 01:22:13,627 - INFO - Data frame has been updated. File name: GBPUSD_trade_history_df.csv
2023-11-15 01:22:13,650 - INFO - trade_current_direction: nan
2023-11-15 01:22:13,651 - INFO - max_buy_direction_price: 1.24894
2023-11-15 01:22:13,651 - INFO - max_sell_direction_price: 1.24896
2023-11-15 01:22:13,651 - INFO - Current current_market_price: 1.24896 | next buy price: 1.25094 | next sell price: 1.24696
2023-11-15 01:22:13,651 - INFO - Keep holding...
2023-11-15 01:37:13,653 - INFO - trade_current_direction: nan
2023-11-15 01:37:13,653 - INFO - max_buy_direction_price: 1.24894
2023-11-15 01:37:13,653 - INFO - max_sell_direction_price: 1.24896
2023-11-15 01:37:13,653 - INFO - Current current_market_price: 1.24896 | next buy price: 1.25094 | next sell price: 1.24696
2023-11-15 01:37:13,653 - INFO - Keep holding...
2023-11-15 01:52:13,670 - INFO - trade_current_direction: nan
2023-11-15 01:52:13,670 - INFO - max_buy_direction_price: 1.24894
2023-11-15 01:52:13,670 - INFO - max_sell_direction_price: 1.24896
2023-11-15 01:52:13,670 - INFO - Current current_market_price: 1.24886 | next buy price: 1.25094 | next sell price: 1.24696
2023-11-15 01:52:13,670 - INFO - Keep holding...
2023-11-15 02:07:13,686 - INFO - trade_current_direction: nan
2023-11-15 02:07:13,686 - INFO - max_buy_direction_price: 1.24894
2023-11-15 02:07:13,686 - INFO - max_sell_direction_price: 1.24896
2023-11-15 02:07:13,686 - INFO - Current current_market_price: 1.24856 | next buy price: 1.25094 | next sell price: 1.24696
2023-11-15 02:07:13,686 - INFO - Keep holding...
2023-11-15 02:22:13,693 - INFO - trade_current_direction: nan
2023-11-15 02:22:13,693 - INFO - max_buy_direction_price: 1.24894
2023-11-15 02:22:13,693 - INFO - max_sell_direction_price: 1.24896
2023-11-15 02:22:13,693 - INFO - Current current_market_price: 1.24917 | next buy price: 1.25094 | next sell price: 1.24696
2023-11-15 02:22:13,693 - INFO - Keep holding...
2023-11-15 02:37:13,699 - INFO - trade_current_direction: nan
2023-11-15 02:37:13,699 - INFO - max_buy_direction_price: 1.24894
2023-11-15 02:37:13,699 - INFO - max_sell_direction_price: 1.24896
2023-11-15 02:37:13,699 - INFO - Current current_market_price: 1.24964 | next buy price: 1.25094 | next sell price: 1.24696
2023-11-15 02:37:13,699 - INFO - Keep holding...
2023-11-15 02:52:13,718 - INFO - trade_current_direction: nan
2023-11-15 02:52:13,718 - INFO - max_buy_direction_price: 1.24894
2023-11-15 02:52:13,718 - INFO - max_sell_direction_price: 1.24896
2023-11-15 02:52:13,718 - INFO - Current current_market_price: 1.2496800000000001 | next buy price: 1.25094 | next sell price: 1.24696
2023-11-15 02:52:13,718 - INFO - Keep holding...
2023-11-15 03:07:13,734 - INFO - trade_current_direction: nan
2023-11-15 03:07:13,734 - INFO - max_buy_direction_price: 1.24894
2023-11-15 03:07:13,734 - INFO - max_sell_direction_price: 1.24896
2023-11-15 03:07:13,734 - INFO - Current current_market_price: 1.24994 | next buy price: 1.25094 | next sell price: 1.24696
2023-11-15 03:07:13,734 - INFO - Keep holding...
2023-11-15 03:22:13,742 - INFO - trade_current_direction: nan
2023-11-15 03:22:13,742 - INFO - max_buy_direction_price: 1.24894
2023-11-15 03:22:13,742 - INFO - max_sell_direction_price: 1.24896
2023-11-15 03:22:13,742 - INFO - Current current_market_price: 1.25016 | next buy price: 1.25094 | next sell price: 1.24696
2023-11-15 03:22:13,742 - INFO - Keep holding...
2023-11-15 03:37:13,760 - INFO - trade_current_direction: nan
2023-11-15 03:37:13,760 - INFO - max_buy_direction_price: 1.24894
2023-11-15 03:37:13,760 - INFO - max_sell_direction_price: 1.24896
2023-11-15 03:37:13,760 - INFO - Current current_market_price: 1.25037 | next buy price: 1.25094 | next sell price: 1.24696
2023-11-15 03:37:13,760 - INFO - Keep holding...
2023-11-15 03:52:13,775 - INFO - trade_current_direction: nan
2023-11-15 03:52:13,775 - INFO - max_buy_direction_price: 1.24894
2023-11-15 03:52:13,775 - INFO - max_sell_direction_price: 1.24896
2023-11-15 03:52:13,775 - INFO - Current current_market_price: 1.24986 | next buy price: 1.25094 | next sell price: 1.24696
2023-11-15 03:52:13,775 - INFO - Keep holding...
2023-11-15 04:07:13,784 - INFO - trade_current_direction: nan
2023-11-15 04:07:13,784 - INFO - max_buy_direction_price: 1.24894
2023-11-15 04:07:13,784 - INFO - max_sell_direction_price: 1.24896
2023-11-15 04:07:13,784 - INFO - Current current_market_price: 1.25006 | next buy price: 1.25094 | next sell price: 1.24696
2023-11-15 04:07:13,784 - INFO - Keep holding...
2023-11-15 04:22:13,800 - INFO - trade_current_direction: nan
2023-11-15 04:22:13,800 - INFO - max_buy_direction_price: 1.24894
2023-11-15 04:22:13,800 - INFO - max_sell_direction_price: 1.24896
2023-11-15 04:22:13,800 - INFO - Current current_market_price: 1.24962 | next buy price: 1.25094 | next sell price: 1.24696
2023-11-15 04:22:13,800 - INFO - Keep holding...
2023-11-15 04:37:13,817 - INFO - trade_current_direction: nan
2023-11-15 04:37:13,817 - INFO - max_buy_direction_price: 1.24894
2023-11-15 04:37:13,817 - INFO - max_sell_direction_price: 1.24896
2023-11-15 04:37:13,817 - INFO - Current current_market_price: 1.24967 | next buy price: 1.25094 | next sell price: 1.24696
2023-11-15 04:37:13,817 - INFO - Keep holding...
2023-11-15 04:52:13,827 - INFO - trade_current_direction: nan
2023-11-15 04:52:13,827 - INFO - max_buy_direction_price: 1.24894
2023-11-15 04:52:13,827 - INFO - max_sell_direction_price: 1.24896
2023-11-15 04:52:13,827 - INFO - Current current_market_price: 1.24985 | next buy price: 1.25094 | next sell price: 1.24696
2023-11-15 04:52:13,827 - INFO - Keep holding...
2023-11-15 05:07:13,840 - INFO - trade_current_direction: nan
2023-11-15 05:07:13,840 - INFO - max_buy_direction_price: 1.24894
2023-11-15 05:07:13,840 - INFO - max_sell_direction_price: 1.24896
2023-11-15 05:07:13,840 - INFO - Current current_market_price: 1.2500499999999999 | next buy price: 1.25094 | next sell price: 1.24696
2023-11-15 05:07:13,840 - INFO - Keep holding...
2023-11-15 05:22:13,846 - INFO - trade_current_direction: nan
2023-11-15 05:22:13,846 - INFO - max_buy_direction_price: 1.24894
2023-11-15 05:22:13,846 - INFO - max_sell_direction_price: 1.24896
2023-11-15 05:22:13,846 - INFO - Current current_market_price: 1.25008 | next buy price: 1.25094 | next sell price: 1.24696
2023-11-15 05:22:13,846 - INFO - Keep holding...
2023-11-15 05:37:13,861 - INFO - trade_current_direction: nan
2023-11-15 05:37:13,861 - INFO - max_buy_direction_price: 1.24894
2023-11-15 05:37:13,861 - INFO - max_sell_direction_price: 1.24896
2023-11-15 05:37:13,861 - INFO - Current current_market_price: 1.24985 | next buy price: 1.25094 | next sell price: 1.24696
2023-11-15 05:37:13,861 - INFO - Keep holding...
2023-11-15 05:52:13,882 - INFO - trade_current_direction: nan
2023-11-15 05:52:13,882 - INFO - max_buy_direction_price: 1.24894
2023-11-15 05:52:13,882 - INFO - max_sell_direction_price: 1.24896
2023-11-15 05:52:13,882 - INFO - Current current_market_price: 1.24985 | next buy price: 1.25094 | next sell price: 1.24696
2023-11-15 05:52:13,882 - INFO - Keep holding...
2023-11-15 06:07:13,889 - INFO - trade_current_direction: nan
2023-11-15 06:07:13,889 - INFO - max_buy_direction_price: 1.24894
2023-11-15 06:07:13,889 - INFO - max_sell_direction_price: 1.24896
2023-11-15 06:07:13,889 - INFO - Current current_market_price: 1.24982 | next buy price: 1.25094 | next sell price: 1.24696
2023-11-15 06:07:13,889 - INFO - Keep holding...
2023-11-15 06:22:13,901 - INFO - trade_current_direction: nan
2023-11-15 06:22:13,901 - INFO - max_buy_direction_price: 1.24894
2023-11-15 06:22:13,901 - INFO - max_sell_direction_price: 1.24896
2023-11-15 06:22:13,901 - INFO - Current current_market_price: 1.24974 | next buy price: 1.25094 | next sell price: 1.24696
2023-11-15 06:22:13,901 - INFO - Keep holding...
2023-11-15 06:37:13,913 - INFO - trade_current_direction: nan
2023-11-15 06:37:13,913 - INFO - max_buy_direction_price: 1.24894
2023-11-15 06:37:13,913 - INFO - max_sell_direction_price: 1.24896
2023-11-15 06:37:13,913 - INFO - Current current_market_price: 1.24964 | next buy price: 1.25094 | next sell price: 1.24696
2023-11-15 06:37:13,913 - INFO - Keep holding...
2023-11-15 06:52:13,926 - INFO - trade_current_direction: nan
2023-11-15 06:52:13,926 - INFO - max_buy_direction_price: 1.24894
2023-11-15 06:52:13,926 - INFO - max_sell_direction_price: 1.24896
2023-11-15 06:52:13,926 - INFO - Current current_market_price: 1.24946 | next buy price: 1.25094 | next sell price: 1.24696
2023-11-15 06:52:13,926 - INFO - Keep holding...
2023-11-15 07:07:13,941 - INFO - trade_current_direction: nan
2023-11-15 07:07:13,941 - INFO - max_buy_direction_price: 1.24894
2023-11-15 07:07:13,941 - INFO - max_sell_direction_price: 1.24896
2023-11-15 07:07:13,941 - INFO - Current current_market_price: 1.24876 | next buy price: 1.25094 | next sell price: 1.24696
2023-11-15 07:07:13,941 - INFO - Keep holding...
2023-11-15 07:22:13,952 - INFO - trade_current_direction: nan
2023-11-15 07:22:13,952 - INFO - max_buy_direction_price: 1.24894
2023-11-15 07:22:13,952 - INFO - max_sell_direction_price: 1.24896
2023-11-15 07:22:13,952 - INFO - Current current_market_price: 1.24852 | next buy price: 1.25094 | next sell price: 1.24696
2023-11-15 07:22:13,952 - INFO - Keep holding...
2023-11-15 07:37:13,967 - INFO - trade_current_direction: nan
2023-11-15 07:37:13,967 - INFO - max_buy_direction_price: 1.24894
2023-11-15 07:37:13,967 - INFO - max_sell_direction_price: 1.24896
2023-11-15 07:37:13,967 - INFO - Current current_market_price: 1.24866 | next buy price: 1.25094 | next sell price: 1.24696
2023-11-15 07:37:13,967 - INFO - Keep holding...
2023-11-15 07:52:13,981 - INFO - trade_current_direction: nan
2023-11-15 07:52:13,981 - INFO - max_buy_direction_price: 1.24894
2023-11-15 07:52:13,981 - INFO - max_sell_direction_price: 1.24896
2023-11-15 07:52:13,981 - INFO - Current current_market_price: 1.24826 | next buy price: 1.25094 | next sell price: 1.24696
2023-11-15 07:52:13,981 - INFO - Keep holding...
2023-11-15 08:07:14,005 - INFO - trade_current_direction: nan
2023-11-15 08:07:14,005 - INFO - max_buy_direction_price: 1.24894
2023-11-15 08:07:14,005 - INFO - max_sell_direction_price: 1.24896
2023-11-15 08:07:14,005 - INFO - Current current_market_price: 1.2487 | next buy price: 1.25094 | next sell price: 1.24696
2023-11-15 08:07:14,005 - INFO - Keep holding...
2023-11-15 08:22:14,018 - INFO - trade_current_direction: nan
2023-11-15 08:22:14,018 - INFO - max_buy_direction_price: 1.24894
2023-11-15 08:22:14,018 - INFO - max_sell_direction_price: 1.24896
2023-11-15 08:22:14,018 - INFO - Current current_market_price: 1.24817 | next buy price: 1.25094 | next sell price: 1.24696
2023-11-15 08:22:14,018 - INFO - Keep holding...
2023-11-15 08:37:14,041 - INFO - trade_current_direction: nan
2023-11-15 08:37:14,041 - INFO - max_buy_direction_price: 1.24894
2023-11-15 08:37:14,041 - INFO - max_sell_direction_price: 1.24896
2023-11-15 08:37:14,041 - INFO - Current current_market_price: 1.24839 | next buy price: 1.25094 | next sell price: 1.24696
2023-11-15 08:37:14,041 - INFO - Keep holding...
2023-11-15 08:52:14,060 - INFO - trade_current_direction: nan
2023-11-15 08:52:14,060 - INFO - max_buy_direction_price: 1.24894
2023-11-15 08:52:14,060 - INFO - max_sell_direction_price: 1.24896
2023-11-15 08:52:14,060 - INFO - Current current_market_price: 1.2484899999999999 | next buy price: 1.25094 | next sell price: 1.24696
2023-11-15 08:52:14,060 - INFO - Keep holding...
2023-11-15 09:07:14,068 - INFO - trade_current_direction: nan
2023-11-15 09:07:14,068 - INFO - max_buy_direction_price: 1.24894
2023-11-15 09:07:14,068 - INFO - max_sell_direction_price: 1.24896
2023-11-15 09:07:14,068 - INFO - Current current_market_price: 1.24836 | next buy price: 1.25094 | next sell price: 1.24696
2023-11-15 09:07:14,068 - INFO - Keep holding...
2023-11-15 09:16:36,532 - INFO - =====================PROGRAM START====================
2023-11-15 09:16:36,532 - INFO - File GBPUSD_trade_history_df.csv already exists. Skipping creation.
2023-11-15 09:16:37,816 - INFO - last_trade_buy_status : open
2023-11-15 09:16:37,817 - INFO - last_trade_sell_status : open
2023-11-15 09:16:37,817 - INFO - True
2023-11-15 09:16:39,037 - INFO - Already has opened order
2023-11-15 09:16:39,037 - INFO - trade_current_direction: nan
2023-11-15 09:16:39,037 - INFO - max_buy_direction_price: 1.24894
2023-11-15 09:16:39,037 - INFO - max_sell_direction_price: 1.24896
2023-11-15 09:16:39,037 - INFO - Current current_market_price: 1.24869 | next buy price: 1.25094 | next sell price: 1.24696
2023-11-15 09:16:39,037 - INFO - Keep holding...
2023-11-15 09:31:39,049 - INFO - trade_current_direction: nan
2023-11-15 09:31:39,049 - INFO - max_buy_direction_price: 1.24894
2023-11-15 09:31:39,049 - INFO - max_sell_direction_price: 1.24896
2023-11-15 09:31:39,049 - INFO - Current current_market_price: 1.24816 | next buy price: 1.25094 | next sell price: 1.24696
2023-11-15 09:31:39,049 - INFO - Keep holding...
2023-11-15 09:46:39,067 - INFO - trade_current_direction: nan
2023-11-15 09:46:39,067 - INFO - max_buy_direction_price: 1.24894
2023-11-15 09:46:39,067 - INFO - max_sell_direction_price: 1.24896
2023-11-15 09:46:39,067 - INFO - Current current_market_price: 1.2488 | next buy price: 1.25094 | next sell price: 1.24696
2023-11-15 09:46:39,067 - INFO - Keep holding...
2023-11-15 10:01:39,084 - INFO - trade_current_direction: nan
2023-11-15 10:01:39,084 - INFO - max_buy_direction_price: 1.24894
2023-11-15 10:01:39,084 - INFO - max_sell_direction_price: 1.24896
2023-11-15 10:01:39,084 - INFO - Current current_market_price: 1.24901 | next buy price: 1.25094 | next sell price: 1.24696
2023-11-15 10:01:39,084 - INFO - Keep holding...
2023-11-15 10:16:39,105 - INFO - trade_current_direction: nan
2023-11-15 10:16:39,105 - INFO - max_buy_direction_price: 1.24894
2023-11-15 10:16:39,105 - INFO - max_sell_direction_price: 1.24896
2023-11-15 10:16:39,105 - INFO - Current current_market_price: 1.24936 | next buy price: 1.25094 | next sell price: 1.24696
2023-11-15 10:16:39,105 - INFO - Keep holding...
2023-11-15 10:31:39,122 - INFO - trade_current_direction: nan
2023-11-15 10:31:39,122 - INFO - max_buy_direction_price: 1.24894
2023-11-15 10:31:39,122 - INFO - max_sell_direction_price: 1.24896
2023-11-15 10:31:39,122 - INFO - Current current_market_price: 1.24894 | next buy price: 1.25094 | next sell price: 1.24696
2023-11-15 10:31:39,122 - INFO - Keep holding...
2023-11-15 10:46:39,139 - INFO - trade_current_direction: nan
2023-11-15 10:46:39,139 - INFO - max_buy_direction_price: 1.24894
2023-11-15 10:46:39,139 - INFO - max_sell_direction_price: 1.24896
2023-11-15 10:46:39,139 - INFO - Current current_market_price: 1.24918 | next buy price: 1.25094 | next sell price: 1.24696
2023-11-15 10:46:39,139 - INFO - Keep holding...
2023-11-15 11:01:40,687 - INFO - trade_current_direction: nan
2023-11-15 11:01:40,687 - INFO - max_buy_direction_price: 1.24894
2023-11-15 11:01:40,687 - INFO - max_sell_direction_price: 1.24896
2023-11-15 11:01:40,687 - INFO - Current current_market_price: 1.24936 | next buy price: 1.25094 | next sell price: 1.24696
2023-11-15 11:01:40,687 - INFO - Keep holding...
2023-11-15 11:16:40,695 - INFO - trade_current_direction: nan
2023-11-15 11:16:40,695 - INFO - max_buy_direction_price: 1.24894
2023-11-15 11:16:40,695 - INFO - max_sell_direction_price: 1.24896
2023-11-15 11:16:40,695 - INFO - Current current_market_price: 1.24954 | next buy price: 1.25094 | next sell price: 1.24696
2023-11-15 11:16:40,695 - INFO - Keep holding...
2023-11-15 22:31:41,985 - INFO - =====================PROGRAM START====================
2023-11-15 22:31:41,985 - INFO - File GBPUSD_trade_history_df.csv already exists. Skipping creation.
2023-11-15 22:31:42,032 - INFO - last_trade_buy_status : open
2023-11-15 22:31:42,704 - INFO - last_trade_sell_status : open
2023-11-15 22:31:42,704 - INFO - True
2023-11-15 22:31:42,704 - INFO - Already has opened order
2023-11-15 22:31:43,407 - INFO - current_market_price <= next_sell_at
2023-11-15 22:31:43,407 - INFO - 1
                524131109
                GBPUSD
                0.01
                0
                1.24896
                0
                1
              
2023-11-15 22:31:46,828 - INFO - Close last sell order: COMPLETED
2023-11-15 22:31:49,109 - INFO - Account Balance: 6151.12
2023-11-15 22:31:49,109 - INFO - Account Equity: 6130.85
2023-11-15 22:31:49,109 - INFO - Account Margin: 5507.47
2023-11-15 22:31:49,109 - INFO - Account Free Margin: 623.38
2023-11-15 22:31:50,718 - INFO - order_result: OrderSendResult(retcode=10009, deal=382694401, order=524937813, volume=0.01, price=1.2419, bid=1.2419, ask=1.2419, comment='Request executed', request_id=2328103496, retcode_external=0, request=TradeRequest(action=1, magic=100, order=0, symbol='GBPUSD', volume=0.01, price=1.2419, stoplimit=0.0, sl=0.0, tp=0.0, deviation=20, type=1, type_filling=1, type_time=0, expiration=0, comment='python market order', position=0, position_by=0))
2023-11-15 22:32:12,628 - INFO - =====================PROGRAM START====================
2023-11-15 22:32:12,628 - INFO - File GBPUSD_trade_history_df.csv already exists. Skipping creation.
2023-11-15 22:32:12,651 - INFO - last_trade_buy_status : open
2023-11-15 22:32:12,651 - INFO - last_trade_sell_status : close
2023-11-15 22:32:12,651 - INFO - True
2023-11-15 22:32:12,651 - INFO - Already has opened order
2023-11-15 22:32:12,667 - INFO - current_market_price <= next_sell_at
2023-11-15 22:32:12,682 - INFO - 1
                524131109
                GBPUSD
                0.01
                0
                1.24896
                0
                1
              
2023-11-15 22:32:15,963 - INFO - Close last sell order: COMPLETED
2023-11-15 22:32:15,966 - INFO - Account Balance: 6150.84
2023-11-15 22:32:15,967 - INFO - Account Equity: 6130.64
2023-11-15 22:32:15,967 - INFO - Account Margin: 2171.47
2023-11-15 22:32:15,967 - INFO - Account Free Margin: 3959.17
2023-11-15 22:32:16,639 - INFO - order_result: OrderSendResult(retcode=10009, deal=382694917, order=524938391, volume=0.01, price=1.24187, bid=1.24187, ask=1.24187, comment='Request executed', request_id=2328103502, retcode_external=0, request=TradeRequest(action=1, magic=100, order=0, symbol='GBPUSD', volume=0.01, price=1.24187, stoplimit=0.0, sl=0.0, tp=0.0, deviation=20, type=0, type_filling=1, type_time=0, expiration=0, comment='python market order', position=0, position_by=0))
2023-11-15 22:32:17,797 - INFO - order_result: OrderSendResult(retcode=10009, deal=382694926, order=524938402, volume=0.01, price=1.24187, bid=1.24187, ask=1.24187, comment='Request executed', request_id=2328103503, retcode_external=0, request=TradeRequest(action=1, magic=100, order=0, symbol='GBPUSD', volume=0.01, price=1.24187, stoplimit=0.0, sl=0.0, tp=0.0, deviation=20, type=1, type_filling=1, type_time=0, expiration=0, comment='python market order', position=0, position_by=0))
2023-11-15 22:32:17,802 - INFO - Data frame has been updated. File name: GBPUSD_trade_history_df.csv
2023-11-15 22:32:17,802 - INFO - Make next buy and sell orders: COMPLETED
2023-11-15 22:33:51,761 - INFO - =====================PROGRAM START====================
2023-11-15 22:33:51,761 - INFO - File GBPUSD_trade_history_df.csv already exists. Skipping creation.
2023-11-15 22:33:51,832 - INFO - last_trade_buy_status : open
2023-11-15 22:33:51,833 - INFO - last_trade_sell_status : open
2023-11-15 22:33:51,833 - INFO - True
2023-11-15 22:33:51,833 - INFO - Already has opened order
2023-11-15 22:33:51,837 - INFO - trade_current_direction: sell
2023-11-15 22:33:51,837 - INFO - max_buy_direction_price: 1.24187
2023-11-15 22:33:51,837 - INFO - max_sell_direction_price: 1.24187
2023-11-15 22:33:51,837 - INFO - Current current_market_price: 1.24237 | next buy price: 1.24387 | next sell price: 1.23987
2023-11-15 22:33:51,837 - INFO - Keep holding...
2023-11-15 22:48:54,887 - INFO - trade_current_direction: sell
2023-11-15 22:48:54,887 - INFO - max_buy_direction_price: 1.24187
2023-11-15 22:48:54,887 - INFO - max_sell_direction_price: 1.24187
2023-11-15 22:48:54,887 - INFO - Current current_market_price: 1.24358 | next buy price: 1.24387 | next sell price: 1.23987
2023-11-15 22:48:54,888 - INFO - Keep holding...
2023-11-15 22:52:39,289 - INFO - =====================PROGRAM START====================
2023-11-15 22:52:39,289 - INFO - File GBPUSD_trade_history_df.csv already exists. Skipping creation.
2023-11-15 22:52:40,746 - INFO - last_trade_buy_status : open
2023-11-15 22:52:40,751 - INFO - last_trade_sell_status : open
2023-11-15 22:52:40,751 - INFO - True
2023-11-15 22:52:40,753 - INFO - Already has opened order
2023-11-15 22:52:42,911 - INFO - trade_current_direction: sell
2023-11-15 22:52:42,911 - INFO - max_buy_direction_price: 1.24187
2023-11-15 22:52:42,911 - INFO - max_sell_direction_price: 1.24187
2023-11-15 22:52:42,911 - INFO - Current current_market_price: 1.24358 | next buy price: 1.24387 | next sell price: 1.23987
2023-11-15 22:52:42,911 - INFO - Keep holding...
2023-11-15 22:54:25,334 - INFO - =====================PROGRAM START====================
2023-11-15 22:54:25,334 - INFO - File GBPUSD_trade_history_df.csv already exists. Skipping creation.
2023-11-15 22:54:25,358 - INFO - last_trade_buy_status : open
2023-11-15 22:54:25,358 - INFO - last_trade_sell_status : open
2023-11-15 22:54:25,358 - INFO - True
2023-11-15 22:54:25,359 - INFO - Already has opened order
2023-11-15 22:54:25,367 - INFO - trade_current_direction: sell
2023-11-15 22:54:25,367 - INFO - max_buy_direction_price: 1.24187
2023-11-15 22:54:25,367 - INFO - max_sell_direction_price: 1.24187
2023-11-15 22:54:25,367 - INFO - Current current_market_price: 1.2434 | next buy price: 1.24387 | next sell price: 1.23987
2023-11-15 22:54:25,367 - INFO - Keep holding...
2023-11-15 22:55:46,359 - INFO - =====================PROGRAM START====================
2023-11-15 22:55:46,359 - INFO - File GBPUSD_trade_history_df.csv already exists. Skipping creation.
2023-11-15 22:55:48,106 - INFO - last_trade_buy_status : open
2023-11-15 22:55:49,908 - INFO - last_trade_sell_status : open
2023-11-15 22:55:49,908 - INFO - True
2023-11-15 22:55:49,908 - INFO - Already has opened order
2023-11-15 22:55:53,849 - INFO - trade_current_direction: sell
2023-11-15 22:55:53,849 - INFO - max_buy_direction_price: 1.24187
2023-11-15 22:55:53,849 - INFO - max_sell_direction_price: 1.24187
2023-11-15 22:55:53,864 - INFO - Current current_market_price: 1.24377 | next buy price: 1.24387 | next sell price: 1.23987
2023-11-15 22:55:53,864 - INFO - Keep holding...
2023-11-15 23:10:53,869 - INFO - current_market_price >= next_buy_at
2023-11-15 23:10:53,869 - INFO - 1
                524938391
                GBPUSD
                0.01
                1
                1.24187
                0
                1
              
2023-11-15 23:10:55,837 - INFO - Close last buy order: COMPLETED
2023-11-15 23:10:55,869 - INFO - Account Balance: 6138.87
2023-11-15 23:10:55,869 - INFO - Account Equity: 6128.86
2023-11-15 23:10:55,869 - INFO - Account Margin: 1085.67
2023-11-15 23:10:55,869 - INFO - Account Free Margin: 5043.19
2023-11-15 23:10:59,118 - INFO - order_result: OrderSendResult(retcode=10009, deal=382749218, order=524997486, volume=0.02, price=1.2452, bid=1.2452, ask=1.2452, comment='Request executed', request_id=2328103533, retcode_external=0, request=TradeRequest(action=1, magic=100, order=0, symbol='GBPUSD', volume=0.02, price=1.2452, stoplimit=0.0, sl=0.0, tp=0.0, deviation=20, type=0, type_filling=1, type_time=0, expiration=0, comment='python market order', position=0, position_by=0))
2023-11-15 23:11:00,446 - INFO - order_result: OrderSendResult(retcode=10009, deal=382749255, order=524997533, volume=0.02, price=1.2452, bid=1.2452, ask=1.2452, comment='Request executed', request_id=2328103534, retcode_external=0, request=TradeRequest(action=1, magic=100, order=0, symbol='GBPUSD', volume=0.02, price=1.2452, stoplimit=0.0, sl=0.0, tp=0.0, deviation=20, type=1, type_filling=1, type_time=0, expiration=0, comment='python market order', position=0, position_by=0))
2023-11-15 23:11:00,446 - INFO - Data frame has been updated. File name: GBPUSD_trade_history_df.csv
2023-11-15 23:11:00,446 - INFO - Make next buy and sell orders: COMPLETED
2023-11-15 23:26:01,116 - INFO - Market reverse 30% from buy direction to sell
2023-11-15 23:26:05,148 - INFO - Close all of the orders: SUCCESSFULLY
2023-11-15 23:26:05,148 - INFO - =====================Bot existing ...=====================
2023-11-16 09:26:50,068 - INFO - =====================PROGRAM START====================
2023-11-16 09:26:50,068 - INFO - File GBPUSD_trade_history_df.csv already exists. Skipping creation.
2023-11-16 09:26:50,084 - INFO - last_trade_buy_status : close
2023-11-16 09:26:50,084 - INFO - last_trade_sell_status : close
2023-11-16 09:26:50,599 - INFO - False
2023-11-16 09:26:50,599 - INFO - Make first trade
2023-11-16 09:26:50,599 - INFO - Account Balance: 6125.45
2023-11-16 09:26:50,599 - INFO - Account Equity: 6125.29
2023-11-16 09:26:51,119 - INFO - Account Margin: 1000.0
2023-11-16 09:26:51,119 - INFO - Account Free Margin: 5125.29
2023-11-16 09:26:51,119 - INFO - fib number :1
2023-11-16 09:26:51,119 - INFO - Symbol Margin Required for 1 lot: 0.0
2023-11-16 09:26:51,119 - INFO - File GBPUSD_trade_history_df.csv already exists. Skipping creation.
2023-11-16 09:26:52,136 - INFO - order_result: OrderSendResult(retcode=10009, deal=383047022, order=525345894, volume=0.01, price=1.23994, bid=1.23994, ask=1.23994, comment='Request executed', request_id=2328103563, retcode_external=0, request=TradeRequest(action=1, magic=100, order=0, symbol='GBPUSD', volume=0.01, price=1.23994, stoplimit=0.0, sl=0.0, tp=0.0, deviation=20, type=0, type_filling=1, type_time=0, expiration=0, comment='python market order', position=0, position_by=0))
2023-11-16 09:26:52,652 - INFO - order_result: OrderSendResult(retcode=10009, deal=383047023, order=525345895, volume=0.01, price=1.23994, bid=1.23994, ask=1.23994, comment='Request executed', request_id=2328103564, retcode_external=0, request=TradeRequest(action=1, magic=100, order=0, symbol='GBPUSD', volume=0.01, price=1.23994, stoplimit=0.0, sl=0.0, tp=0.0, deviation=20, type=1, type_filling=1, type_time=0, expiration=0, comment='python market order', position=0, position_by=0))
2023-11-16 09:26:55,443 - INFO - Data frame has been updated. File name: GBPUSD_trade_history_df.csv
2023-11-16 09:26:55,452 - INFO - trade_current_direction: nan
2023-11-16 09:26:55,452 - INFO - max_buy_direction_price: 1.23994
2023-11-16 09:26:55,452 - INFO - max_sell_direction_price: 1.23994
2023-11-16 09:26:55,452 - INFO - Current current_market_price: 1.23994 | next buy price: 1.24194 | next sell price: 1.23794
2023-11-16 09:26:55,452 - INFO - Keep holding...
2023-11-16 09:41:55,464 - INFO - trade_current_direction: nan
2023-11-16 09:41:55,464 - INFO - max_buy_direction_price: 1.23994
2023-11-16 09:41:55,464 - INFO - max_sell_direction_price: 1.23994
2023-11-16 09:41:55,464 - INFO - Current current_market_price: 1.23884 | next buy price: 1.24194 | next sell price: 1.23794
2023-11-16 09:41:55,464 - INFO - Keep holding...
2023-11-16 09:56:55,486 - INFO - trade_current_direction: nan
2023-11-16 09:56:55,486 - INFO - max_buy_direction_price: 1.23994
2023-11-16 09:56:55,486 - INFO - max_sell_direction_price: 1.23994
2023-11-16 09:56:55,486 - INFO - Current current_market_price: 1.23808 | next buy price: 1.24194 | next sell price: 1.23794
2023-11-16 09:56:55,486 - INFO - Keep holding...
2023-11-16 10:11:55,525 - INFO - trade_current_direction: nan
2023-11-16 10:11:55,525 - INFO - max_buy_direction_price: 1.23994
2023-11-16 10:11:55,525 - INFO - max_sell_direction_price: 1.23994
2023-11-16 10:11:55,525 - INFO - Current current_market_price: 1.23864 | next buy price: 1.24194 | next sell price: 1.23794
2023-11-16 10:11:55,540 - INFO - Keep holding...
2023-11-16 10:26:55,570 - INFO - trade_current_direction: nan
2023-11-16 10:26:55,570 - INFO - max_buy_direction_price: 1.23994
2023-11-16 10:26:55,570 - INFO - max_sell_direction_price: 1.23994
2023-11-16 10:26:55,570 - INFO - Current current_market_price: 1.23862 | next buy price: 1.24194 | next sell price: 1.23794
2023-11-16 10:26:55,570 - INFO - Keep holding...
2023-11-16 10:41:55,612 - INFO - trade_current_direction: nan
2023-11-16 10:41:55,612 - INFO - max_buy_direction_price: 1.23994
2023-11-16 10:41:55,612 - INFO - max_sell_direction_price: 1.23994
2023-11-16 10:41:55,612 - INFO - Current current_market_price: 1.23884 | next buy price: 1.24194 | next sell price: 1.23794
2023-11-16 10:41:55,612 - INFO - Keep holding...
2023-11-16 10:56:55,638 - INFO - trade_current_direction: nan
2023-11-16 10:56:55,638 - INFO - max_buy_direction_price: 1.23994
2023-11-16 10:56:55,638 - INFO - max_sell_direction_price: 1.23994
2023-11-16 10:56:55,653 - INFO - Current current_market_price: 1.23893 | next buy price: 1.24194 | next sell price: 1.23794
2023-11-16 10:56:55,653 - INFO - Keep holding...
2023-11-16 11:11:55,655 - INFO - trade_current_direction: nan
2023-11-16 11:11:55,655 - INFO - max_buy_direction_price: 1.23994
2023-11-16 11:11:55,655 - INFO - max_sell_direction_price: 1.23994
2023-11-16 11:11:55,655 - INFO - Current current_market_price: 1.2389999999999999 | next buy price: 1.24194 | next sell price: 1.23794
2023-11-16 11:11:55,655 - INFO - Keep holding...
2023-11-16 11:26:55,691 - INFO - trade_current_direction: nan
2023-11-16 11:26:55,691 - INFO - max_buy_direction_price: 1.23994
2023-11-16 11:26:55,691 - INFO - max_sell_direction_price: 1.23994
2023-11-16 11:26:55,691 - INFO - Current current_market_price: 1.23911 | next buy price: 1.24194 | next sell price: 1.23794
2023-11-16 11:26:55,691 - INFO - Keep holding...
2023-11-16 11:41:55,718 - INFO - trade_current_direction: nan
2023-11-16 11:41:55,718 - INFO - max_buy_direction_price: 1.23994
2023-11-16 11:41:55,718 - INFO - max_sell_direction_price: 1.23994
2023-11-16 11:41:55,718 - INFO - Current current_market_price: 1.23902 | next buy price: 1.24194 | next sell price: 1.23794
2023-11-16 11:41:55,718 - INFO - Keep holding...
2023-11-16 11:56:55,743 - INFO - trade_current_direction: nan
2023-11-16 11:56:55,743 - INFO - max_buy_direction_price: 1.23994
2023-11-16 11:56:55,743 - INFO - max_sell_direction_price: 1.23994
2023-11-16 11:56:55,743 - INFO - Current current_market_price: 1.2393399999999999 | next buy price: 1.24194 | next sell price: 1.23794
2023-11-16 11:56:55,743 - INFO - Keep holding...
2023-11-16 12:11:55,761 - INFO - trade_current_direction: nan
2023-11-16 12:11:55,761 - INFO - max_buy_direction_price: 1.23994
2023-11-16 12:11:55,761 - INFO - max_sell_direction_price: 1.23994
2023-11-16 12:11:55,761 - INFO - Current current_market_price: 1.2393399999999999 | next buy price: 1.24194 | next sell price: 1.23794
2023-11-16 12:11:55,761 - INFO - Keep holding...
2023-11-16 12:26:55,767 - INFO - trade_current_direction: nan
2023-11-16 12:26:55,767 - INFO - max_buy_direction_price: 1.23994
2023-11-16 12:26:55,767 - INFO - max_sell_direction_price: 1.23994
2023-11-16 12:26:55,767 - INFO - Current current_market_price: 1.23954 | next buy price: 1.24194 | next sell price: 1.23794
2023-11-16 12:26:55,767 - INFO - Keep holding...
2023-11-16 12:41:55,780 - INFO - trade_current_direction: nan
2023-11-16 12:41:55,780 - INFO - max_buy_direction_price: 1.23994
2023-11-16 12:41:55,780 - INFO - max_sell_direction_price: 1.23994
2023-11-16 12:41:55,780 - INFO - Current current_market_price: 1.23948 | next buy price: 1.24194 | next sell price: 1.23794
2023-11-16 12:41:55,780 - INFO - Keep holding...
2023-11-16 12:56:55,794 - INFO - trade_current_direction: nan
2023-11-16 12:56:55,794 - INFO - max_buy_direction_price: 1.23994
2023-11-16 12:56:55,794 - INFO - max_sell_direction_price: 1.23994
2023-11-16 12:56:55,794 - INFO - Current current_market_price: 1.23935 | next buy price: 1.24194 | next sell price: 1.23794
2023-11-16 12:56:55,794 - INFO - Keep holding...
2023-11-16 13:11:55,812 - INFO - trade_current_direction: nan
2023-11-16 13:11:55,812 - INFO - max_buy_direction_price: 1.23994
2023-11-16 13:11:55,812 - INFO - max_sell_direction_price: 1.23994
2023-11-16 13:11:55,812 - INFO - Current current_market_price: 1.23952 | next buy price: 1.24194 | next sell price: 1.23794
2023-11-16 13:11:55,812 - INFO - Keep holding...
2023-11-16 13:26:55,828 - INFO - trade_current_direction: nan
2023-11-16 13:26:55,828 - INFO - max_buy_direction_price: 1.23994
2023-11-16 13:26:55,828 - INFO - max_sell_direction_price: 1.23994
2023-11-16 13:26:55,828 - INFO - Current current_market_price: 1.23972 | next buy price: 1.24194 | next sell price: 1.23794
2023-11-16 13:26:55,828 - INFO - Keep holding...
2023-11-16 13:41:55,844 - INFO - trade_current_direction: nan
2023-11-16 13:41:55,844 - INFO - max_buy_direction_price: 1.23994
2023-11-16 13:41:55,844 - INFO - max_sell_direction_price: 1.23994
2023-11-16 13:41:55,844 - INFO - Current current_market_price: 1.2393 | next buy price: 1.24194 | next sell price: 1.23794
2023-11-16 13:41:55,844 - INFO - Keep holding...
2023-11-16 13:56:55,854 - INFO - trade_current_direction: nan
2023-11-16 13:56:55,854 - INFO - max_buy_direction_price: 1.23994
2023-11-16 13:56:55,854 - INFO - max_sell_direction_price: 1.23994
2023-11-16 13:56:55,854 - INFO - Current current_market_price: 1.23973 | next buy price: 1.24194 | next sell price: 1.23794
2023-11-16 13:56:55,854 - INFO - Keep holding...
2023-11-16 14:11:55,870 - INFO - trade_current_direction: nan
2023-11-16 14:11:55,870 - INFO - max_buy_direction_price: 1.23994
2023-11-16 14:11:55,870 - INFO - max_sell_direction_price: 1.23994
2023-11-16 14:11:55,870 - INFO - Current current_market_price: 1.23896 | next buy price: 1.24194 | next sell price: 1.23794
2023-11-16 14:11:55,870 - INFO - Keep holding...
2023-11-16 14:26:55,887 - INFO - trade_current_direction: nan
2023-11-16 14:26:55,887 - INFO - max_buy_direction_price: 1.23994
2023-11-16 14:26:55,887 - INFO - max_sell_direction_price: 1.23994
2023-11-16 14:26:55,887 - INFO - Current current_market_price: 1.23858 | next buy price: 1.24194 | next sell price: 1.23794
2023-11-16 14:26:55,887 - INFO - Keep holding...
2023-11-16 14:41:55,898 - INFO - trade_current_direction: nan
2023-11-16 14:41:55,898 - INFO - max_buy_direction_price: 1.23994
2023-11-16 14:41:55,898 - INFO - max_sell_direction_price: 1.23994
2023-11-16 14:41:55,898 - INFO - Current current_market_price: 1.23805 | next buy price: 1.24194 | next sell price: 1.23794
2023-11-16 14:41:55,898 - INFO - Keep holding...
2023-11-16 14:56:55,914 - INFO - trade_current_direction: nan
2023-11-16 14:56:55,914 - INFO - max_buy_direction_price: 1.23994
2023-11-16 14:56:55,914 - INFO - max_sell_direction_price: 1.23994
2023-11-16 14:56:55,914 - INFO - Current current_market_price: 1.2381 | next buy price: 1.24194 | next sell price: 1.23794
2023-11-16 14:56:55,914 - INFO - Keep holding...
2023-11-16 15:11:55,925 - INFO - trade_current_direction: nan
2023-11-16 15:11:55,925 - INFO - max_buy_direction_price: 1.23994
2023-11-16 15:11:55,925 - INFO - max_sell_direction_price: 1.23994
2023-11-16 15:11:55,925 - INFO - Current current_market_price: 1.23795 | next buy price: 1.24194 | next sell price: 1.23794
2023-11-16 15:11:55,925 - INFO - Keep holding...
2023-11-16 15:26:55,936 - INFO - trade_current_direction: nan
2023-11-16 15:26:55,936 - INFO - max_buy_direction_price: 1.23994
2023-11-16 15:26:55,936 - INFO - max_sell_direction_price: 1.23994
2023-11-16 15:26:55,936 - INFO - Current current_market_price: 1.2383899999999999 | next buy price: 1.24194 | next sell price: 1.23794
2023-11-16 15:26:55,936 - INFO - Keep holding...
2023-11-16 15:41:55,950 - INFO - trade_current_direction: nan
2023-11-16 15:41:55,950 - INFO - max_buy_direction_price: 1.23994
2023-11-16 15:41:55,950 - INFO - max_sell_direction_price: 1.23994
2023-11-16 15:41:55,950 - INFO - Current current_market_price: 1.23866 | next buy price: 1.24194 | next sell price: 1.23794
2023-11-16 15:41:55,950 - INFO - Keep holding...
2023-11-16 15:56:55,967 - INFO - trade_current_direction: nan
2023-11-16 15:56:55,967 - INFO - max_buy_direction_price: 1.23994
2023-11-16 15:56:55,967 - INFO - max_sell_direction_price: 1.23994
2023-11-16 15:56:55,967 - INFO - Current current_market_price: 1.23953 | next buy price: 1.24194 | next sell price: 1.23794
2023-11-16 15:56:55,967 - INFO - Keep holding...
2023-11-16 16:11:55,978 - INFO - trade_current_direction: nan
2023-11-16 16:11:55,978 - INFO - max_buy_direction_price: 1.23994
2023-11-16 16:11:55,978 - INFO - max_sell_direction_price: 1.23994
2023-11-16 16:11:55,978 - INFO - Current current_market_price: 1.24023 | next buy price: 1.24194 | next sell price: 1.23794
2023-11-16 16:11:55,978 - INFO - Keep holding...
2023-11-16 16:26:55,989 - INFO - trade_current_direction: nan
2023-11-16 16:26:55,989 - INFO - max_buy_direction_price: 1.23994
2023-11-16 16:26:55,989 - INFO - max_sell_direction_price: 1.23994
2023-11-16 16:26:55,989 - INFO - Current current_market_price: 1.24032 | next buy price: 1.24194 | next sell price: 1.23794
2023-11-16 16:26:55,989 - INFO - Keep holding...
2023-11-16 16:41:55,994 - INFO - trade_current_direction: nan
2023-11-16 16:41:55,994 - INFO - max_buy_direction_price: 1.23994
2023-11-16 16:41:55,994 - INFO - max_sell_direction_price: 1.23994
2023-11-16 16:41:55,994 - INFO - Current current_market_price: 1.24002 | next buy price: 1.24194 | next sell price: 1.23794
2023-11-16 16:41:55,994 - INFO - Keep holding...
2023-11-16 16:56:56,014 - INFO - trade_current_direction: nan
2023-11-16 16:56:56,014 - INFO - max_buy_direction_price: 1.23994
2023-11-16 16:56:56,014 - INFO - max_sell_direction_price: 1.23994
2023-11-16 16:56:56,014 - INFO - Current current_market_price: 1.2401200000000001 | next buy price: 1.24194 | next sell price: 1.23794
2023-11-16 16:56:56,014 - INFO - Keep holding...
2023-11-16 17:11:56,027 - INFO - trade_current_direction: nan
2023-11-16 17:11:56,027 - INFO - max_buy_direction_price: 1.23994
2023-11-16 17:11:56,027 - INFO - max_sell_direction_price: 1.23994
2023-11-16 17:11:56,027 - INFO - Current current_market_price: 1.2399499999999999 | next buy price: 1.24194 | next sell price: 1.23794
2023-11-16 17:11:56,027 - INFO - Keep holding...
2023-11-16 17:26:56,040 - INFO - trade_current_direction: nan
2023-11-16 17:26:56,040 - INFO - max_buy_direction_price: 1.23994
2023-11-16 17:26:56,040 - INFO - max_sell_direction_price: 1.23994
2023-11-16 17:26:56,040 - INFO - Current current_market_price: 1.24003 | next buy price: 1.24194 | next sell price: 1.23794
2023-11-16 17:26:56,040 - INFO - Keep holding...
2023-11-16 17:41:56,053 - INFO - trade_current_direction: nan
2023-11-16 17:41:56,053 - INFO - max_buy_direction_price: 1.23994
2023-11-16 17:41:56,053 - INFO - max_sell_direction_price: 1.23994
2023-11-16 17:41:56,053 - INFO - Current current_market_price: 1.24 | next buy price: 1.24194 | next sell price: 1.23794
2023-11-16 17:41:56,053 - INFO - Keep holding...
2023-11-16 17:56:56,059 - INFO - trade_current_direction: nan
2023-11-16 17:56:56,059 - INFO - max_buy_direction_price: 1.23994
2023-11-16 17:56:56,059 - INFO - max_sell_direction_price: 1.23994
2023-11-16 17:56:56,059 - INFO - Current current_market_price: 1.24044 | next buy price: 1.24194 | next sell price: 1.23794
2023-11-16 17:56:56,059 - INFO - Keep holding...
2023-11-16 18:11:56,074 - INFO - trade_current_direction: nan
2023-11-16 18:11:56,074 - INFO - max_buy_direction_price: 1.23994
2023-11-16 18:11:56,074 - INFO - max_sell_direction_price: 1.23994
2023-11-16 18:11:56,074 - INFO - Current current_market_price: 1.24064 | next buy price: 1.24194 | next sell price: 1.23794
2023-11-16 18:11:56,074 - INFO - Keep holding...
2023-11-16 18:26:56,079 - INFO - trade_current_direction: nan
2023-11-16 18:26:56,079 - INFO - max_buy_direction_price: 1.23994
2023-11-16 18:26:56,079 - INFO - max_sell_direction_price: 1.23994
2023-11-16 18:26:56,079 - INFO - Current current_market_price: 1.24062 | next buy price: 1.24194 | next sell price: 1.23794
2023-11-16 18:26:56,079 - INFO - Keep holding...
2023-11-16 18:41:56,091 - INFO - trade_current_direction: nan
2023-11-16 18:41:56,091 - INFO - max_buy_direction_price: 1.23994
2023-11-16 18:41:56,091 - INFO - max_sell_direction_price: 1.23994
2023-11-16 18:41:56,091 - INFO - Current current_market_price: 1.2402 | next buy price: 1.24194 | next sell price: 1.23794
2023-11-16 18:41:56,091 - INFO - Keep holding...
2023-11-16 18:56:56,109 - INFO - trade_current_direction: nan
2023-11-16 18:56:56,109 - INFO - max_buy_direction_price: 1.23994
2023-11-16 18:56:56,109 - INFO - max_sell_direction_price: 1.23994
2023-11-16 18:56:56,109 - INFO - Current current_market_price: 1.24002 | next buy price: 1.24194 | next sell price: 1.23794
2023-11-16 18:56:56,109 - INFO - Keep holding...
2023-11-16 19:11:56,120 - INFO - trade_current_direction: nan
2023-11-16 19:11:56,120 - INFO - max_buy_direction_price: 1.23994
2023-11-16 19:11:56,120 - INFO - max_sell_direction_price: 1.23994
2023-11-16 19:11:56,120 - INFO - Current current_market_price: 1.23904 | next buy price: 1.24194 | next sell price: 1.23794
2023-11-16 19:11:56,120 - INFO - Keep holding...
2023-11-16 19:26:56,135 - INFO - trade_current_direction: nan
2023-11-16 19:26:56,135 - INFO - max_buy_direction_price: 1.23994
2023-11-16 19:26:56,135 - INFO - max_sell_direction_price: 1.23994
2023-11-16 19:26:56,135 - INFO - Current current_market_price: 1.23906 | next buy price: 1.24194 | next sell price: 1.23794
2023-11-16 19:26:56,135 - INFO - Keep holding...
2023-11-16 19:41:56,149 - INFO - trade_current_direction: nan
2023-11-16 19:41:56,149 - INFO - max_buy_direction_price: 1.23994
2023-11-16 19:41:56,149 - INFO - max_sell_direction_price: 1.23994
2023-11-16 19:41:56,149 - INFO - Current current_market_price: 1.23906 | next buy price: 1.24194 | next sell price: 1.23794
2023-11-16 19:41:56,149 - INFO - Keep holding...
2023-11-16 19:56:56,160 - INFO - trade_current_direction: nan
2023-11-16 19:56:56,160 - INFO - max_buy_direction_price: 1.23994
2023-11-16 19:56:56,160 - INFO - max_sell_direction_price: 1.23994
2023-11-16 19:56:56,160 - INFO - Current current_market_price: 1.23894 | next buy price: 1.24194 | next sell price: 1.23794
2023-11-16 19:56:56,160 - INFO - Keep holding...
2023-11-16 20:11:56,170 - INFO - trade_current_direction: nan
2023-11-16 20:11:56,170 - INFO - max_buy_direction_price: 1.23994
2023-11-16 20:11:56,170 - INFO - max_sell_direction_price: 1.23994
2023-11-16 20:11:56,170 - INFO - Current current_market_price: 1.23952 | next buy price: 1.24194 | next sell price: 1.23794
2023-11-16 20:11:56,170 - INFO - Keep holding...
2023-11-16 20:26:56,188 - INFO - trade_current_direction: nan
2023-11-16 20:26:56,188 - INFO - max_buy_direction_price: 1.23994
2023-11-16 20:26:56,188 - INFO - max_sell_direction_price: 1.23994
2023-11-16 20:26:56,188 - INFO - Current current_market_price: 1.2398500000000001 | next buy price: 1.24194 | next sell price: 1.23794
2023-11-16 20:26:56,188 - INFO - Keep holding...
2023-11-16 20:41:56,207 - INFO - current_market_price >= next_buy_at
2023-11-16 20:41:56,207 - INFO - 1
                525345894
                GBPUSD
                0.01
                1
                1.23994
                0
                1
              
2023-11-16 20:41:57,082 - INFO - Close last buy order: COMPLETED
2023-11-16 20:41:57,098 - INFO - Account Balance: 6126.8
2023-11-16 20:41:57,098 - INFO - Account Equity: 6124.06
2023-11-16 20:41:57,098 - INFO - Account Margin: 1239.94
2023-11-16 20:41:57,098 - INFO - Account Free Margin: 4884.12
2023-11-16 20:41:57,739 - INFO - order_result: OrderSendResult(retcode=10009, deal=383395540, order=525769709, volume=0.01, price=1.2426599999999999, bid=1.2426599999999999, ask=1.2426599999999999, comment='Request executed', request_id=2328103589, retcode_external=0, request=TradeRequest(action=1, magic=100, order=0, symbol='GBPUSD', volume=0.01, price=1.24264, stoplimit=0.0, sl=0.0, tp=0.0, deviation=20, type=0, type_filling=1, type_time=0, expiration=0, comment='python market order', position=0, position_by=0))
2023-11-16 20:41:58,678 - INFO - order_result: OrderSendResult(retcode=10009, deal=383395553, order=525769722, volume=0.01, price=1.2426599999999999, bid=1.2426599999999999, ask=1.2426599999999999, comment='Request executed', request_id=2328103590, retcode_external=0, request=TradeRequest(action=1, magic=100, order=0, symbol='GBPUSD', volume=0.01, price=1.24265, stoplimit=0.0, sl=0.0, tp=0.0, deviation=20, type=1, type_filling=1, type_time=0, expiration=0, comment='python market order', position=0, position_by=0))
2023-11-16 20:41:58,678 - INFO - Data frame has been updated. File name: GBPUSD_trade_history_df.csv
2023-11-16 20:41:58,678 - INFO - Make next buy and sell orders: COMPLETED
2023-11-16 20:56:58,690 - INFO - Market reverse 30% from buy direction to sell
2023-11-16 20:57:01,474 - INFO - Close all of the orders: SUCCESSFULLY
2023-11-16 20:57:01,474 - INFO - =====================Bot existing ...=====================
2023-11-16 22:31:56,210 - INFO - =====================PROGRAM START====================
2023-11-16 22:31:56,210 - INFO - File GBPUSD_trade_history_df.csv already exists. Skipping creation.
2023-11-16 22:31:57,358 - INFO - last_trade_buy_status : close
2023-11-16 22:31:57,358 - INFO - last_trade_sell_status : close
2023-11-16 22:31:57,359 - INFO - False
2023-11-16 22:31:57,900 - INFO - Make first trade
2023-11-16 22:31:59,028 - INFO - Account Balance: 6125.02
2023-11-16 22:31:59,606 - INFO - Account Equity: 6121.97
2023-11-16 22:31:59,606 - INFO - Account Margin: 2089.38
2023-11-16 22:31:59,606 - INFO - Account Free Margin: 4032.59
2023-11-16 22:31:59,606 - INFO - fib number :1
2023-11-16 22:31:59,606 - INFO - Symbol Margin Required for 1 lot: 0.0
2023-11-16 22:31:59,606 - INFO - File GBPUSD_trade_history_df.csv already exists. Skipping creation.
2023-11-16 22:32:00,184 - INFO - order_result: OrderSendResult(retcode=10009, deal=383531054, order=525915680, volume=0.01, price=1.24536, bid=1.24536, ask=1.24536, comment='Request executed', request_id=2328103603, retcode_external=0, request=TradeRequest(action=1, magic=100, order=0, symbol='GBPUSD', volume=0.01, price=1.2454, stoplimit=0.0, sl=0.0, tp=0.0, deviation=20, type=0, type_filling=1, type_time=0, expiration=0, comment='python market order', position=0, position_by=0))
2023-11-16 22:32:00,762 - INFO - order_result: OrderSendResult(retcode=10009, deal=383531085, order=525915713, volume=0.01, price=1.24542, bid=1.24542, ask=1.24542, comment='Request executed', request_id=2328103604, retcode_external=0, request=TradeRequest(action=1, magic=100, order=0, symbol='GBPUSD', volume=0.01, price=1.24536, stoplimit=0.0, sl=0.0, tp=0.0, deviation=20, type=1, type_filling=1, type_time=0, expiration=0, comment='python market order', position=0, position_by=0))
2023-11-16 22:32:00,793 - INFO - Data frame has been updated. File name: GBPUSD_trade_history_df.csv
2023-11-16 22:32:01,371 - INFO - trade_current_direction: nan
2023-11-16 22:32:01,371 - INFO - max_buy_direction_price: 1.24536
2023-11-16 22:32:01,371 - INFO - max_sell_direction_price: 1.24542
2023-11-16 22:32:01,371 - INFO - Current current_market_price: 1.24536 | next buy price: 1.24736 | next sell price: 1.24342
2023-11-16 22:32:01,371 - INFO - Keep holding...
2023-11-16 22:47:01,403 - INFO - current_market_price <= next_sell_at
2023-11-16 22:47:01,418 - INFO - 1
                525915713
                GBPUSD
                0.01
                0
                1.24542
                0
                1
              
2023-11-16 22:47:01,965 - INFO - Close last sell order: COMPLETED
2023-11-16 22:47:01,981 - INFO - Account Balance: 6123.93
2023-11-16 22:47:01,981 - INFO - Account Equity: 6121.77
2023-11-16 22:47:01,981 - INFO - Account Margin: 1245.36
2023-11-16 22:47:01,981 - INFO - Account Free Margin: 4876.41
2023-11-16 22:47:02,496 - INFO - order_result: OrderSendResult(retcode=10009, deal=383549275, order=525935198, volume=0.01, price=1.2433, bid=1.2433, ask=1.2433, comment='Request executed', request_id=2328103609, retcode_external=0, request=TradeRequest(action=1, magic=100, order=0, symbol='GBPUSD', volume=0.01, price=1.24322, stoplimit=0.0, sl=0.0, tp=0.0, deviation=20, type=0, type_filling=1, type_time=0, expiration=0, comment='python market order', position=0, position_by=0))
2023-11-16 22:47:03,059 - INFO - order_result: OrderSendResult(retcode=10009, deal=383549289, order=525935216, volume=0.01, price=1.2433, bid=1.2433, ask=1.2433, comment='Request executed', request_id=2328103610, retcode_external=0, request=TradeRequest(action=1, magic=100, order=0, symbol='GBPUSD', volume=0.01, price=1.2433, stoplimit=0.0, sl=0.0, tp=0.0, deviation=20, type=1, type_filling=1, type_time=0, expiration=0, comment='python market order', position=0, position_by=0))
2023-11-16 22:47:03,074 - INFO - Data frame has been updated. File name: GBPUSD_trade_history_df.csv
2023-11-16 22:47:03,074 - INFO - Make next buy and sell orders: COMPLETED
2023-11-16 23:02:03,084 - INFO - trade_current_direction: sell
2023-11-16 23:02:03,084 - INFO - max_buy_direction_price: 1.2433
2023-11-16 23:02:03,084 - INFO - max_sell_direction_price: 1.2433
2023-11-16 23:02:03,084 - INFO - Current current_market_price: 1.24424 | next buy price: 1.2453 | next sell price: 1.2413
2023-11-16 23:02:03,084 - INFO - Keep holding...
2023-11-16 23:17:03,140 - INFO - trade_current_direction: sell
2023-11-16 23:17:03,155 - INFO - max_buy_direction_price: 1.2433
2023-11-16 23:17:03,155 - INFO - max_sell_direction_price: 1.2433
2023-11-16 23:17:03,155 - INFO - Current current_market_price: 1.24349 | next buy price: 1.2453 | next sell price: 1.2413
2023-11-16 23:17:03,155 - INFO - Keep holding...
2023-11-16 23:32:03,816 - INFO - trade_current_direction: sell
2023-11-16 23:32:03,821 - INFO - max_buy_direction_price: 1.2433
2023-11-16 23:32:03,821 - INFO - max_sell_direction_price: 1.2433
2023-11-16 23:32:03,821 - INFO - Current market buy price: 1.24184 < max sell price 1.2433
2023-11-16 23:32:04,941 - INFO - Current current_market_price: 1.24184 | next buy price: 1.2453 | next sell price: 1.2413
2023-11-16 23:32:04,941 - INFO - Keep holding...
2023-11-16 23:47:04,979 - INFO - Market reverse 30% from sell direction to buy
2023-11-16 23:47:07,401 - INFO - Close all of the orders: SUCCESSFULLY
2023-11-16 23:47:07,401 - INFO - =====================Bot existing ...=====================
2023-11-17 09:41:54,543 - INFO - =====================PROGRAM START====================
2023-11-17 09:41:54,543 - INFO - File GBPUSD_trade_history_df.csv already exists. Skipping creation.
2023-11-17 09:42:01,567 - INFO - last_trade_buy_status : close
2023-11-17 09:42:01,567 - INFO - last_trade_sell_status : close
2023-11-17 09:42:01,583 - INFO - False
2023-11-17 09:42:01,583 - INFO - Make first trade
2023-11-17 09:42:01,583 - INFO - Account Balance: 6125.08
2023-11-17 09:42:01,583 - INFO - Account Equity: 6118.4
2023-11-17 09:42:01,583 - INFO - Account Margin: 0.0
2023-11-17 09:42:01,583 - INFO - Account Free Margin: 6118.4
2023-11-17 09:42:01,583 - INFO - fib number :1
2023-11-17 09:42:01,583 - INFO - Symbol Margin Required for 1 lot: 0.0
2023-11-17 09:42:01,583 - INFO - File GBPUSD_trade_history_df.csv already exists. Skipping creation.
2023-11-17 09:42:02,317 - INFO - order_result: OrderSendResult(retcode=10009, deal=383822377, order=526258979, volume=0.01, price=1.2405, bid=1.2405, ask=1.2405, comment='Request executed', request_id=4041985413, retcode_external=0, request=TradeRequest(action=1, magic=100, order=0, symbol='GBPUSD', volume=0.01, price=1.24048, stoplimit=0.0, sl=0.0, tp=0.0, deviation=20, type=0, type_filling=1, type_time=0, expiration=0, comment='python market order', position=0, position_by=0))
2023-11-17 09:42:02,973 - INFO - order_result: OrderSendResult(retcode=10009, deal=383822384, order=526258987, volume=0.01, price=1.2405, bid=1.2405, ask=1.2405, comment='Request executed', request_id=4041985414, retcode_external=0, request=TradeRequest(action=1, magic=100, order=0, symbol='GBPUSD', volume=0.01, price=1.2405, stoplimit=0.0, sl=0.0, tp=0.0, deviation=20, type=1, type_filling=1, type_time=0, expiration=0, comment='python market order', position=0, position_by=0))
2023-11-17 09:42:02,989 - INFO - Data frame has been updated. File name: GBPUSD_trade_history_df.csv
2023-11-17 09:42:04,347 - INFO - trade_current_direction: nan
2023-11-17 09:42:04,347 - INFO - max_buy_direction_price: 1.2405
2023-11-17 09:42:04,347 - INFO - max_sell_direction_price: 1.2405
2023-11-17 09:42:04,347 - INFO - Current current_market_price: 1.24048 | next buy price: 1.2425 | next sell price: 1.2385
2023-11-17 09:42:04,347 - INFO - Keep holding...
2023-11-17 09:57:04,367 - INFO - trade_current_direction: nan
2023-11-17 09:57:04,382 - INFO - max_buy_direction_price: 1.2405
2023-11-17 09:57:04,382 - INFO - max_sell_direction_price: 1.2405
2023-11-17 09:57:04,382 - INFO - Current current_market_price: 1.24095 | next buy price: 1.2425 | next sell price: 1.2385
2023-11-17 09:57:04,382 - INFO - Keep holding...
2023-11-17 10:12:04,397 - INFO - trade_current_direction: nan
2023-11-17 10:12:04,397 - INFO - max_buy_direction_price: 1.2405
2023-11-17 10:12:04,397 - INFO - max_sell_direction_price: 1.2405
2023-11-17 10:12:04,397 - INFO - Current current_market_price: 1.24093 | next buy price: 1.2425 | next sell price: 1.2385
2023-11-17 10:12:04,397 - INFO - Keep holding...
2023-11-17 10:27:04,438 - INFO - trade_current_direction: nan
2023-11-17 10:27:04,438 - INFO - max_buy_direction_price: 1.2405
2023-11-17 10:27:04,438 - INFO - max_sell_direction_price: 1.2405
2023-11-17 10:27:04,438 - INFO - Current current_market_price: 1.24084 | next buy price: 1.2425 | next sell price: 1.2385
2023-11-17 10:27:04,438 - INFO - Keep holding...
2023-11-17 10:42:04,454 - INFO - trade_current_direction: nan
2023-11-17 10:42:04,454 - INFO - max_buy_direction_price: 1.2405
2023-11-17 10:42:04,454 - INFO - max_sell_direction_price: 1.2405
2023-11-17 10:42:04,469 - INFO - Current current_market_price: 1.24105 | next buy price: 1.2425 | next sell price: 1.2385
2023-11-17 10:42:04,469 - INFO - Keep holding...
2023-11-17 10:57:04,491 - INFO - trade_current_direction: nan
2023-11-17 10:57:04,491 - INFO - max_buy_direction_price: 1.2405
2023-11-17 10:57:04,491 - INFO - max_sell_direction_price: 1.2405
2023-11-17 10:57:04,491 - INFO - Current current_market_price: 1.24072 | next buy price: 1.2425 | next sell price: 1.2385
2023-11-17 10:57:04,491 - INFO - Keep holding...
2023-11-17 11:12:04,524 - INFO - trade_current_direction: nan
2023-11-17 11:12:04,524 - INFO - max_buy_direction_price: 1.2405
2023-11-17 11:12:04,524 - INFO - max_sell_direction_price: 1.2405
2023-11-17 11:12:04,524 - INFO - Current current_market_price: 1.24084 | next buy price: 1.2425 | next sell price: 1.2385
2023-11-17 11:12:04,524 - INFO - Keep holding...
2023-11-17 11:27:04,535 - INFO - trade_current_direction: nan
2023-11-17 11:27:04,535 - INFO - max_buy_direction_price: 1.2405
2023-11-17 11:27:04,535 - INFO - max_sell_direction_price: 1.2405
2023-11-17 11:27:04,535 - INFO - Current current_market_price: 1.24092 | next buy price: 1.2425 | next sell price: 1.2385
2023-11-17 11:27:04,535 - INFO - Keep holding...
2023-11-17 11:42:04,564 - INFO - trade_current_direction: nan
2023-11-17 11:42:04,564 - INFO - max_buy_direction_price: 1.2405
2023-11-17 11:42:04,564 - INFO - max_sell_direction_price: 1.2405
2023-11-17 11:42:04,564 - INFO - Current current_market_price: 1.24094 | next buy price: 1.2425 | next sell price: 1.2385
2023-11-17 11:42:04,564 - INFO - Keep holding...
2023-11-17 11:57:04,573 - INFO - trade_current_direction: nan
2023-11-17 11:57:04,573 - INFO - max_buy_direction_price: 1.2405
2023-11-17 11:57:04,573 - INFO - max_sell_direction_price: 1.2405
2023-11-17 11:57:04,573 - INFO - Current current_market_price: 1.24063 | next buy price: 1.2425 | next sell price: 1.2385
2023-11-17 11:57:04,573 - INFO - Keep holding...
2023-11-17 12:12:04,607 - INFO - trade_current_direction: nan
2023-11-17 12:12:04,607 - INFO - max_buy_direction_price: 1.2405
2023-11-17 12:12:04,607 - INFO - max_sell_direction_price: 1.2405
2023-11-17 12:12:04,607 - INFO - Current current_market_price: 1.24072 | next buy price: 1.2425 | next sell price: 1.2385
2023-11-17 12:12:04,607 - INFO - Keep holding...
2023-11-17 12:27:04,626 - INFO - trade_current_direction: nan
2023-11-17 12:27:04,626 - INFO - max_buy_direction_price: 1.2405
2023-11-17 12:27:04,626 - INFO - max_sell_direction_price: 1.2405
2023-11-17 12:27:04,626 - INFO - Current current_market_price: 1.2405599999999999 | next buy price: 1.2425 | next sell price: 1.2385
2023-11-17 12:27:04,626 - INFO - Keep holding...
2023-11-17 12:42:04,644 - INFO - trade_current_direction: nan
2023-11-17 12:42:04,644 - INFO - max_buy_direction_price: 1.2405
2023-11-17 12:42:04,644 - INFO - max_sell_direction_price: 1.2405
2023-11-17 12:42:04,644 - INFO - Current current_market_price: 1.24085 | next buy price: 1.2425 | next sell price: 1.2385
2023-11-17 12:42:04,644 - INFO - Keep holding...
2023-11-17 12:57:04,665 - INFO - trade_current_direction: nan
2023-11-17 12:57:04,665 - INFO - max_buy_direction_price: 1.2405
2023-11-17 12:57:04,665 - INFO - max_sell_direction_price: 1.2405
2023-11-17 12:57:04,665 - INFO - Current current_market_price: 1.24142 | next buy price: 1.2425 | next sell price: 1.2385
2023-11-17 12:57:04,665 - INFO - Keep holding...
2023-11-17 13:12:04,675 - INFO - trade_current_direction: nan
2023-11-17 13:12:04,675 - INFO - max_buy_direction_price: 1.2405
2023-11-17 13:12:04,675 - INFO - max_sell_direction_price: 1.2405
2023-11-17 13:12:04,675 - INFO - Current current_market_price: 1.24154 | next buy price: 1.2425 | next sell price: 1.2385
2023-11-17 13:12:04,675 - INFO - Keep holding...
2023-11-17 13:27:04,710 - INFO - trade_current_direction: nan
2023-11-17 13:27:04,710 - INFO - max_buy_direction_price: 1.2405
2023-11-17 13:27:04,710 - INFO - max_sell_direction_price: 1.2405
2023-11-17 13:27:04,710 - INFO - Current current_market_price: 1.2415 | next buy price: 1.2425 | next sell price: 1.2385
2023-11-17 13:27:04,710 - INFO - Keep holding...
2023-11-17 13:42:04,730 - INFO - trade_current_direction: nan
2023-11-17 13:42:04,732 - INFO - max_buy_direction_price: 1.2405
2023-11-17 13:42:04,732 - INFO - max_sell_direction_price: 1.2405
2023-11-17 13:42:04,732 - INFO - Current current_market_price: 1.24154 | next buy price: 1.2425 | next sell price: 1.2385
2023-11-17 13:42:04,732 - INFO - Keep holding...
2023-11-17 13:57:04,759 - INFO - trade_current_direction: nan
2023-11-17 13:57:04,759 - INFO - max_buy_direction_price: 1.2405
2023-11-17 13:57:04,759 - INFO - max_sell_direction_price: 1.2405
2023-11-17 13:57:04,759 - INFO - Current current_market_price: 1.24173 | next buy price: 1.2425 | next sell price: 1.2385
2023-11-17 13:57:04,759 - INFO - Keep holding...
2023-11-17 14:12:04,788 - INFO - current_market_price <= next_sell_at
2023-11-17 14:12:04,791 - INFO - 1
                526258987
                GBPUSD
                0.01
                0
                1.2405
                0
                1
              
2023-11-17 14:12:05,344 - INFO - Close last sell order: COMPLETED
2023-11-17 14:12:05,344 - INFO - Account Balance: 6120.06
2023-11-17 14:12:05,344 - INFO - Account Equity: 6117.82
2023-11-17 14:12:05,344 - INFO - Account Margin: 1240.5
2023-11-17 14:12:05,344 - INFO - Account Free Margin: 4877.32
2023-11-17 14:12:05,870 - INFO - order_result: OrderSendResult(retcode=10009, deal=383908870, order=526365437, volume=0.01, price=1.23835, bid=1.23835, ask=1.23835, comment='Request executed', request_id=4041985431, retcode_external=0, request=TradeRequest(action=1, magic=100, order=0, symbol='GBPUSD', volume=0.01, price=1.23835, stoplimit=0.0, sl=0.0, tp=0.0, deviation=20, type=0, type_filling=1, type_time=0, expiration=0, comment='python market order', position=0, position_by=0))
2023-11-17 14:12:06,407 - INFO - order_result: OrderSendResult(retcode=10009, deal=383908871, order=526365439, volume=0.01, price=1.23836, bid=1.23836, ask=1.23836, comment='Request executed', request_id=4041985432, retcode_external=0, request=TradeRequest(action=1, magic=100, order=0, symbol='GBPUSD', volume=0.01, price=1.23835, stoplimit=0.0, sl=0.0, tp=0.0, deviation=20, type=1, type_filling=1, type_time=0, expiration=0, comment='python market order', position=0, position_by=0))
2023-11-17 14:12:06,412 - INFO - Data frame has been updated. File name: GBPUSD_trade_history_df.csv
2023-11-17 14:12:06,412 - INFO - Make next buy and sell orders: COMPLETED
2023-11-17 14:27:06,417 - INFO - trade_current_direction: sell
2023-11-17 14:27:06,417 - INFO - max_buy_direction_price: 1.23835
2023-11-17 14:27:06,417 - INFO - max_sell_direction_price: 1.23836
2023-11-17 14:27:06,417 - INFO - Current current_market_price: 1.23862 | next buy price: 1.24035 | next sell price: 1.23636
2023-11-17 14:27:06,417 - INFO - Keep holding...
2023-11-17 14:42:06,433 - INFO - trade_current_direction: sell
2023-11-17 14:42:06,433 - INFO - max_buy_direction_price: 1.23835
2023-11-17 14:42:06,433 - INFO - max_sell_direction_price: 1.23836
2023-11-17 14:42:06,433 - INFO - Current market buy price: 1.23773 < max sell price 1.23836
2023-11-17 14:42:06,433 - INFO - Current current_market_price: 1.23773 | next buy price: 1.24035 | next sell price: 1.23636
2023-11-17 14:42:06,433 - INFO - Keep holding...
2023-11-17 14:57:06,467 - INFO - Market reverse 30% from sell direction to buy
2023-11-17 14:57:08,291 - INFO - Close all of the orders: SUCCESSFULLY
2023-11-17 14:57:08,291 - INFO - =====================Bot existing ...=====================
2023-11-17 18:59:13,415 - INFO - =====================PROGRAM START====================
2023-11-17 18:59:13,415 - INFO - File GBPUSD_trade_history_df.csv already exists. Skipping creation.
2023-11-17 18:59:20,182 - INFO - last_trade_buy_status : close
2023-11-17 18:59:20,182 - INFO - last_trade_sell_status : close
2023-11-17 18:59:20,182 - INFO - False
2023-11-17 18:59:20,198 - INFO - Make first trade
2023-11-17 18:59:20,198 - INFO - Account Balance: 6115.82
2023-11-17 18:59:20,198 - INFO - Account Equity: 6115.43
2023-11-17 18:59:20,198 - INFO - Account Margin: 0.0
2023-11-17 18:59:20,198 - INFO - Account Free Margin: 6115.43
2023-11-17 18:59:20,198 - INFO - fib number :1
2023-11-17 18:59:20,198 - INFO - Symbol Margin Required for 1 lot: 0.0
2023-11-17 18:59:20,198 - INFO - File GBPUSD_trade_history_df.csv already exists. Skipping creation.
2023-11-17 18:59:20,873 - INFO - order_result: OrderSendResult(retcode=10009, deal=384126834, order=526603864, volume=0.02, price=1.24286, bid=1.24286, ask=1.24286, comment='Request executed', request_id=4041985461, retcode_external=0, request=TradeRequest(action=1, magic=100, order=0, symbol='GBPUSD', volume=0.02, price=1.24286, stoplimit=0.0, sl=0.0, tp=0.0, deviation=20, type=0, type_filling=1, type_time=0, expiration=0, comment='python market order', position=0, position_by=0))
2023-11-17 18:59:21,496 - INFO - order_result: OrderSendResult(retcode=10009, deal=384126839, order=526603871, volume=0.02, price=1.24284, bid=1.24284, ask=1.24284, comment='Request executed', request_id=4041985462, retcode_external=0, request=TradeRequest(action=1, magic=100, order=0, symbol='GBPUSD', volume=0.02, price=1.24286, stoplimit=0.0, sl=0.0, tp=0.0, deviation=20, type=1, type_filling=1, type_time=0, expiration=0, comment='python market order', position=0, position_by=0))
2023-11-17 18:59:21,512 - INFO - Data frame has been updated. File name: GBPUSD_trade_history_df.csv
2023-11-17 18:59:21,528 - INFO - trade_current_direction: nan
2023-11-17 18:59:21,528 - INFO - max_buy_direction_price: 1.24286
2023-11-17 18:59:21,528 - INFO - max_sell_direction_price: 1.24284
2023-11-17 18:59:21,528 - INFO - Current current_market_price: 1.24284 | next buy price: 1.24486 | next sell price: 1.24084
2023-11-17 18:59:21,543 - INFO - Keep holding...
2023-11-17 19:00:59,135 - INFO - =====================PROGRAM START====================
2023-11-17 19:00:59,135 - INFO - File GBPUSD_trade_history_df.csv already exists. Skipping creation.
2023-11-17 19:00:59,151 - INFO - last_trade_buy_status : open
2023-11-17 19:00:59,151 - INFO - last_trade_sell_status : open
2023-11-17 19:00:59,151 - INFO - True
2023-11-17 19:00:59,151 - INFO - Already has opened order
2023-11-17 19:00:59,184 - INFO - trade_current_direction: nan
2023-11-17 19:00:59,184 - INFO - max_buy_direction_price: 1.24286
2023-11-17 19:00:59,185 - INFO - max_sell_direction_price: 1.24284
2023-11-17 19:00:59,185 - INFO - Current current_market_price: 1.24281 | next buy price: 1.24486 | next sell price: 1.24084
2023-11-17 19:00:59,185 - INFO - Keep holding...
2023-11-17 19:31:29,201 - INFO - trade_current_direction: nan
2023-11-17 19:31:29,202 - INFO - max_buy_direction_price: 1.24286
2023-11-17 19:31:29,202 - INFO - max_sell_direction_price: 1.24284
2023-11-17 19:31:29,202 - INFO - Current current_market_price: 1.24312 | next buy price: 1.24486 | next sell price: 1.24084
2023-11-17 19:31:29,202 - INFO - Keep holding...
2023-11-17 20:01:59,207 - INFO - trade_current_direction: nan
2023-11-17 20:01:59,207 - INFO - max_buy_direction_price: 1.24286
2023-11-17 20:01:59,207 - INFO - max_sell_direction_price: 1.24284
2023-11-17 20:01:59,207 - INFO - Current current_market_price: 1.24292 | next buy price: 1.24486 | next sell price: 1.24084
2023-11-17 20:01:59,207 - INFO - Keep holding...
2023-11-17 20:32:29,235 - INFO - trade_current_direction: nan
2023-11-17 20:32:29,235 - INFO - max_buy_direction_price: 1.24286
2023-11-17 20:32:29,235 - INFO - max_sell_direction_price: 1.24284
2023-11-17 20:32:29,235 - INFO - Current current_market_price: 1.2423 | next buy price: 1.24486 | next sell price: 1.24084
2023-11-17 20:32:29,235 - INFO - Keep holding...
2023-11-17 21:02:59,253 - INFO - trade_current_direction: nan
2023-11-17 21:02:59,253 - INFO - max_buy_direction_price: 1.24286
2023-11-17 21:02:59,253 - INFO - max_sell_direction_price: 1.24284
2023-11-17 21:02:59,253 - INFO - Current current_market_price: 1.24293 | next buy price: 1.24486 | next sell price: 1.24084
2023-11-17 21:02:59,253 - INFO - Keep holding...
2023-11-17 21:33:29,278 - INFO - trade_current_direction: nan
2023-11-17 21:33:29,279 - INFO - max_buy_direction_price: 1.24286
2023-11-17 21:33:29,279 - INFO - max_sell_direction_price: 1.24284
2023-11-17 21:33:29,279 - INFO - Current current_market_price: 1.24237 | next buy price: 1.24486 | next sell price: 1.24084
2023-11-17 21:33:29,279 - INFO - Keep holding...
2023-11-17 22:03:59,293 - INFO - trade_current_direction: nan
2023-11-17 22:03:59,293 - INFO - max_buy_direction_price: 1.24286
2023-11-17 22:03:59,293 - INFO - max_sell_direction_price: 1.24284
2023-11-17 22:03:59,293 - INFO - Current current_market_price: 1.24234 | next buy price: 1.24486 | next sell price: 1.24084
2023-11-17 22:03:59,293 - INFO - Keep holding...
2023-11-17 22:34:29,306 - INFO - trade_current_direction: nan
2023-11-17 22:34:29,306 - INFO - max_buy_direction_price: 1.24286
2023-11-17 22:34:29,306 - INFO - max_sell_direction_price: 1.24284
2023-11-17 22:34:29,306 - INFO - Current current_market_price: 1.24204 | next buy price: 1.24486 | next sell price: 1.24084
2023-11-17 22:34:29,306 - INFO - Keep holding...
2023-11-17 23:04:59,330 - INFO - trade_current_direction: nan
2023-11-17 23:04:59,330 - INFO - max_buy_direction_price: 1.24286
2023-11-17 23:04:59,331 - INFO - max_sell_direction_price: 1.24284
2023-11-17 23:04:59,331 - INFO - Current current_market_price: 1.24307 | next buy price: 1.24486 | next sell price: 1.24084
2023-11-17 23:04:59,331 - INFO - Keep holding...
2023-11-17 23:35:29,358 - INFO - trade_current_direction: nan
2023-11-17 23:35:29,359 - INFO - max_buy_direction_price: 1.24286
2023-11-17 23:35:29,359 - INFO - max_sell_direction_price: 1.24284
2023-11-17 23:35:29,359 - INFO - Current current_market_price: 1.24212 | next buy price: 1.24486 | next sell price: 1.24084
2023-11-17 23:35:29,359 - INFO - Keep holding...
2023-11-18 00:05:59,360 - INFO - trade_current_direction: nan
2023-11-18 00:05:59,360 - INFO - max_buy_direction_price: 1.24286
2023-11-18 00:05:59,360 - INFO - max_sell_direction_price: 1.24284
2023-11-18 00:05:59,360 - INFO - Current current_market_price: 1.24288 | next buy price: 1.24486 | next sell price: 1.24084
2023-11-18 00:05:59,360 - INFO - Keep holding...
2023-11-18 19:19:11,833 - INFO - =====================PROGRAM START====================
2023-11-18 19:19:11,833 - INFO - File GBPUSD_trade_history_df.csv already exists. Skipping creation.
2023-11-18 19:19:11,864 - INFO - last_trade_buy_status : open
2023-11-18 19:19:11,864 - INFO - last_trade_sell_status : open
2023-11-18 19:19:11,864 - INFO - True
2023-11-18 19:19:11,864 - INFO - Already has opened order
2023-11-18 19:19:11,892 - INFO - current_market_price >= next_buy_at
2023-11-18 19:19:12,470 - INFO - 1
                526603864
                GBPUSD
                0.02
                1
                1.24286
                0
                1
              
2023-11-18 19:19:13,169 - INFO - Close last buy order: COMPLETED
2023-11-18 19:19:13,173 - INFO - Account Balance: 6122.42
2023-11-18 19:19:13,173 - INFO - Account Equity: 6111.93
2023-11-18 19:19:13,173 - INFO - Account Margin: 3261.89
2023-11-18 19:19:13,173 - INFO - Account Free Margin: 2850.04
2023-11-20 08:53:12,800 - INFO - =====================PROGRAM START====================
2023-11-20 08:53:12,800 - INFO - File GBPUSD_trade_history_df.csv already exists. Skipping creation.
2023-11-20 08:53:14,056 - INFO - last_trade_buy_status : open
2023-11-20 08:53:14,056 - INFO - last_trade_sell_status : open
2023-11-20 08:53:14,056 - INFO - True
2023-11-20 08:53:14,056 - INFO - Already has opened order
2023-11-20 08:53:14,056 - INFO - current_market_price >= next_buy_at
2023-11-20 08:53:14,081 - INFO - 1
                526603864
                GBPUSD
                0.02
                1
                1.24286
                0
                1
              
2023-11-20 08:53:15,310 - INFO - Close last buy order: COMPLETED
2023-11-20 08:53:15,326 - INFO - Account Balance: 6137.68
2023-11-20 08:53:15,326 - INFO - Account Equity: 6114.86
2023-11-20 08:53:15,326 - INFO - Account Margin: 6658.88
2023-11-20 08:53:15,326 - INFO - Account Free Margin: -544.02
2023-11-20 08:53:15,937 - INFO - order_result: OrderSendResult(retcode=10009, deal=384621357, order=527166116, volume=0.02, price=1.24677, bid=1.24677, ask=1.24677, comment='Request executed', request_id=4235269591, retcode_external=0, request=TradeRequest(action=1, magic=100, order=0, symbol='GBPUSD', volume=0.02, price=1.24678, stoplimit=0.0, sl=0.0, tp=0.0, deviation=20, type=0, type_filling=1, type_time=0, expiration=0, comment='python market order', position=0, position_by=0))
2023-11-20 08:54:20,423 - INFO - =====================PROGRAM START====================
2023-11-20 08:54:20,423 - INFO - File GBPUSD_trade_history_df.csv already exists. Skipping creation.
2023-11-20 08:54:20,439 - INFO - last_trade_buy_status : close
2023-11-20 08:54:20,439 - INFO - last_trade_sell_status : open
2023-11-20 08:54:20,455 - INFO - True
2023-11-20 08:54:20,455 - INFO - Already has opened order
2023-11-20 08:54:20,463 - INFO - current_market_price >= next_buy_at
2023-11-20 08:54:20,476 - INFO - 1
                526603864
                GBPUSD
                0.02
                1
                1.24286
                0
                1
              
2023-11-20 08:54:20,494 - INFO - Close last buy order: COMPLETED
2023-11-20 08:54:20,498 - INFO - Account Balance: 6137.47
2023-11-20 08:54:20,498 - INFO - Account Equity: 6114.91
2023-11-20 08:54:20,498 - INFO - Account Margin: 4177.44
2023-11-20 08:54:20,498 - INFO - Account Free Margin: 1937.47
2023-11-20 08:56:15,034 - INFO - =====================PROGRAM START====================
2023-11-20 08:56:15,034 - INFO - File GBPUSD_trade_history_df.csv already exists. Skipping creation.
2023-11-20 08:56:15,065 - INFO - last_trade_buy_status : close
2023-11-20 08:56:15,065 - INFO - last_trade_sell_status : open
2023-11-20 08:56:15,065 - INFO - True
2023-11-20 08:56:15,065 - INFO - Already has opened order
2023-11-20 08:56:15,080 - INFO - current_market_price >= next_buy_at
2023-11-20 08:56:15,080 - INFO - 1
                526603864
                GBPUSD
                0.02
                1
                1.24286
                0
                1
              
2023-11-20 08:56:15,105 - INFO - Close last buy order: COMPLETED
2023-11-20 08:56:15,109 - INFO - Account Balance: 6137.47
2023-11-20 08:56:15,109 - INFO - Account Equity: 6114.84
2023-11-20 08:56:15,109 - INFO - Account Margin: 4177.44
2023-11-20 08:56:15,109 - INFO - Account Free Margin: 1937.4
2023-11-20 09:00:59,874 - INFO - =====================PROGRAM START====================
2023-11-20 09:00:59,890 - INFO - File GBPUSD_trade_history_df.csv already exists. Skipping creation.
2023-11-20 09:00:59,905 - INFO - last_trade_buy_status : close
2023-11-20 09:00:59,905 - INFO - last_trade_sell_status : open
2023-11-20 09:00:59,905 - INFO - True
2023-11-20 09:00:59,905 - INFO - Already has opened order
2023-11-20 09:00:59,905 - INFO - current_market_price >= next_buy_at
2023-11-20 09:00:59,921 - INFO - 1
                526603864
                GBPUSD
                0.02
                1
                1.24286
                0
                1
              
2023-11-20 09:01:01,851 - INFO - Close last buy order: COMPLETED
2023-11-20 09:01:01,854 - INFO - Account Balance: 6130.94
2023-11-20 09:01:01,854 - INFO - Account Equity: 6113.92
2023-11-20 09:01:01,855 - INFO - Account Margin: 2177.44
2023-11-20 09:01:01,855 - INFO - Account Free Margin: 3936.48
2023-11-20 09:01:02,463 - INFO - order_result: OrderSendResult(retcode=10009, deal=384623292, order=527169089, volume=0.02, price=1.24686, bid=1.24686, ask=1.24686, comment='Request executed', request_id=4235269599, retcode_external=0, request=TradeRequest(action=1, magic=100, order=0, symbol='GBPUSD', volume=0.02, price=1.24688, stoplimit=0.0, sl=0.0, tp=0.0, deviation=20, type=0, type_filling=1, type_time=0, expiration=0, comment='python market order', position=0, position_by=0))
2023-11-20 09:01:03,087 - INFO - order_result: OrderSendResult(retcode=10009, deal=384623301, order=527169098, volume=0.02, price=1.24686, bid=1.24686, ask=1.24686, comment='Request executed', request_id=4235269600, retcode_external=0, request=TradeRequest(action=1, magic=100, order=0, symbol='GBPUSD', volume=0.02, price=1.24686, stoplimit=0.0, sl=0.0, tp=0.0, deviation=20, type=1, type_filling=1, type_time=0, expiration=0, comment='python market order', position=0, position_by=0))
2023-11-20 09:01:03,093 - INFO - Data frame has been updated. File name: GBPUSD_trade_history_df.csv
2023-11-20 09:01:03,093 - INFO - Make next buy and sell orders: COMPLETED
2023-11-20 09:07:20,057 - INFO - =====================PROGRAM START====================
2023-11-20 09:07:20,058 - INFO - File GBPUSD_trade_history_df.csv already exists. Skipping creation.
2023-11-20 09:07:20,069 - INFO - last_trade_buy_status : open
2023-11-20 09:07:20,070 - INFO - last_trade_sell_status : open
2023-11-20 09:07:20,071 - INFO - True
2023-11-20 09:07:20,071 - INFO - Already has opened order
2023-11-20 09:07:20,090 - INFO - Market reverse 30% from buy direction to sell
2023-11-20 09:07:22,575 - INFO - Close all of the orders: SUCCESSFULLY
2023-11-20 09:07:22,575 - INFO - =====================Bot existing ...=====================
2023-11-20 09:07:33,909 - INFO - =====================PROGRAM START====================
2023-11-20 09:07:33,911 - INFO - File GBPUSD_trade_history_df.csv already exists. Skipping creation.
2023-11-20 09:07:33,934 - INFO - last_trade_buy_status : close
2023-11-20 09:07:33,934 - INFO - last_trade_sell_status : close
2023-11-20 09:07:33,934 - INFO - False
2023-11-20 09:07:33,934 - INFO - Make first trade
2023-11-20 09:07:33,934 - INFO - Account Balance: 6122.58
2023-11-20 09:07:33,934 - INFO - Account Equity: 6113.57
2023-11-20 09:07:33,934 - INFO - Account Margin: 4177.44
2023-11-20 09:07:33,934 - INFO - Account Free Margin: 1936.13
2023-11-20 09:07:33,934 - INFO - fib number :1
2023-11-20 09:07:33,934 - INFO - Symbol Margin Required for 1 lot: 0.0
2023-11-20 09:07:33,934 - INFO - File GBPUSD_trade_history_df.csv already exists. Skipping creation.
2023-11-20 09:08:54,949 - INFO - =====================PROGRAM START====================
2023-11-20 09:08:54,949 - INFO - File GBPUSD_trade_history_df.csv already exists. Skipping creation.
2023-11-20 09:08:54,981 - INFO - last_trade_buy_status : close
2023-11-20 09:08:54,981 - INFO - last_trade_sell_status : close
2023-11-20 09:08:54,981 - INFO - False
2023-11-20 09:08:54,996 - INFO - Make first trade
2023-11-20 09:08:54,996 - INFO - Account Balance: 6122.44
2023-11-20 09:08:54,996 - INFO - Account Equity: 6113.37
2023-11-20 09:08:54,996 - INFO - Account Margin: 4177.44
2023-11-20 09:08:54,996 - INFO - Account Free Margin: 1935.93
2023-11-20 09:08:54,996 - INFO - fib number :1
2023-11-20 09:08:54,996 - INFO - Symbol Margin Required for 1 lot: 0.0
2023-11-20 09:08:54,996 - INFO - File GBPUSD_trade_history_df.csv already exists. Skipping creation.
2023-11-20 09:09:39,093 - INFO - =====================PROGRAM START====================
2023-11-20 09:09:39,094 - INFO - File GBPUSD_trade_history_df.csv already exists. Skipping creation.
2023-11-20 09:09:39,125 - INFO - last_trade_buy_status : close
2023-11-20 09:09:39,125 - INFO - last_trade_sell_status : close
2023-11-20 09:09:39,125 - INFO - False
2023-11-20 09:09:39,125 - INFO - Make first trade
2023-11-20 09:09:39,125 - INFO - Account Balance: 6122.44
2023-11-20 09:09:39,125 - INFO - Account Equity: 6113.02
2023-11-20 09:09:39,125 - INFO - Account Margin: 4177.44
2023-11-20 09:09:39,125 - INFO - Account Free Margin: 1935.58
2023-11-20 09:09:39,125 - INFO - fib number :1
2023-11-20 09:09:39,125 - INFO - Symbol Margin Required for 1 lot: 0.0
2023-11-20 09:09:39,125 - INFO - File GBPUSD_trade_history_df.csv already exists. Skipping creation.
2023-11-20 09:10:51,503 - INFO - =====================PROGRAM START====================
2023-11-20 09:10:51,505 - INFO - File GBPUSD_trade_history_df.csv already exists. Skipping creation.
2023-11-20 09:10:51,519 - INFO - last_trade_buy_status : close
2023-11-20 09:10:51,520 - INFO - last_trade_sell_status : close
2023-11-20 09:10:51,520 - INFO - False
2023-11-20 09:10:51,521 - INFO - Make first trade
2023-11-20 09:10:51,523 - INFO - Account Balance: 6122.44
2023-11-20 09:10:51,523 - INFO - Account Equity: 6112.84
2023-11-20 09:10:51,523 - INFO - Account Margin: 4177.44
2023-11-20 09:10:51,524 - INFO - Account Free Margin: 1935.4
2023-11-20 09:10:51,524 - INFO - fib number :1
2023-11-20 09:10:51,524 - INFO - Symbol Margin Required for 1 lot: 0.0
2023-11-20 09:10:51,524 - INFO - File GBPUSD_trade_history_df.csv already exists. Skipping creation.
